<?xml version="1.0" encoding="UTF-8"?>
<robot generator="Robot 6.1.1 (Python 3.12.0 on win32)" generated="20240418 13:37:29.501" rpa="false" schemaversion="4">
<suite id="s1" name="ATBServerDev" source="D:\LATIHAN\ATB\Test Scenario\ATBServerDev.robot">
<test id="s1-t1" name="Login Data User Dev" line="22">
<kw name="Login Akun">
<arg>as@mail.com</arg>
<arg>Indonesia1</arg>
<arg>Regional 1</arg>
<kw name="Open Browser" library="SeleniumLibrary">
<arg>${URL}</arg>
<arg>${BROWSER}</arg>
<arg>options=add_argument("--headless")</arg>
<doc>Opens a new browser instance to the optional ``url``.</doc>
<msg timestamp="20240418 13:37:31.834" level="INFO">Opening browser 'Edge' to base url 'https://atbusiness.aksestoko.dev/login'.</msg>
<status status="PASS" starttime="20240418 13:37:31.833" endtime="20240418 13:37:39.860"/>
</kw>
<kw name="Maximize Browser Window" library="SeleniumLibrary">
<doc>Maximizes current browser window.</doc>
<status status="PASS" starttime="20240418 13:37:39.860" endtime="20240418 13:37:39.982"/>
</kw>
<kw name="Input Text" library="SeleniumLibrary">
<arg>${INPUTUSER}</arg>
<arg>${user}</arg>
<doc>Types the given ``text`` into the text field identified by ``locator``.</doc>
<msg timestamp="20240418 13:37:39.985" level="INFO">Typing text 'as@mail.com' into text field '//input[@id='identity']'.</msg>
<status status="PASS" starttime="20240418 13:37:39.983" endtime="20240418 13:37:40.192"/>
</kw>
<kw name="Input Password" library="SeleniumLibrary">
<arg>${INPUTPASSWORD}</arg>
<arg>${pass}</arg>
<doc>Types the given password into the text field identified by ``locator``.</doc>
<msg timestamp="20240418 13:37:40.193" level="INFO">Typing password into text field '//input[@id='password']'.</msg>
<msg timestamp="20240418 13:37:40.256" level="INFO">Temporally setting log level to: NONE</msg>
<msg timestamp="20240418 13:37:40.388" level="INFO">Log level changed from NONE to INFO.</msg>
<status status="PASS" starttime="20240418 13:37:40.192" endtime="20240418 13:37:40.388"/>
</kw>
<kw name="Click Element" library="SeleniumLibrary">
<arg>${BUTTON}</arg>
<doc>Click the element identified by ``locator``.</doc>
<msg timestamp="20240418 13:37:40.391" level="INFO">Clicking element 'xpath://button[@id='plus_btn']'.</msg>
<status status="PASS" starttime="20240418 13:37:40.388" endtime="20240418 13:37:40.495"/>
</kw>
<kw name="Sleep" library="BuiltIn">
<arg>7s</arg>
<doc>Pauses the test executed for the given time.</doc>
<msg timestamp="20240418 13:37:47.515" level="INFO">Slept 7 seconds</msg>
<status status="PASS" starttime="20240418 13:37:40.495" endtime="20240418 13:37:47.515"/>
</kw>
<kw name="Run Keyword And Return Status" library="BuiltIn">
<var>${OptionLogin}</var>
<arg>Page Should Contain</arg>
<arg>Login Aplikasi</arg>
<doc>Runs the given keyword with given arguments and returns the status as a Boolean value.</doc>
<kw name="Page Should Contain" library="SeleniumLibrary">
<arg>Login Aplikasi</arg>
<doc>Verifies that current page contains ``text``.</doc>
<msg timestamp="20240418 13:37:48.014" level="INFO" html="true">&lt;/td&gt;&lt;/tr&gt;&lt;tr&gt;&lt;td colspan="3"&gt;&lt;a href="selenium-screenshot-14.png"&gt;&lt;img src="selenium-screenshot-14.png" width="800px"&gt;&lt;/a&gt;</msg>
<msg timestamp="20240418 13:37:48.014" level="FAIL">Page should have contained text 'Login Aplikasi' but did not.</msg>
<status status="FAIL" starttime="20240418 13:37:47.518" endtime="20240418 13:37:48.022"/>
</kw>
<msg timestamp="20240418 13:37:48.022" level="INFO">${OptionLogin} = False</msg>
<status status="PASS" starttime="20240418 13:37:47.516" endtime="20240418 13:37:48.023"/>
</kw>
<kw name="Run Keyword If" library="BuiltIn">
<arg>'${OptionLogin}' == 'True'</arg>
<arg>Click Element</arg>
<arg>//body/div[@id='loginDoubleModal']/div[1]/div[1]/div[2]/div[1]/div[1]/div[1]/img[1]</arg>
<doc>Runs the given keyword with the given arguments, if ``condition`` is true.</doc>
<status status="PASS" starttime="20240418 13:37:48.023" endtime="20240418 13:37:48.024"/>
</kw>
<kw name="Sleep" library="BuiltIn">
<arg>5s</arg>
<doc>Pauses the test executed for the given time.</doc>
<msg timestamp="20240418 13:37:53.030" level="INFO">Slept 5 seconds</msg>
<status status="PASS" starttime="20240418 13:37:48.025" endtime="20240418 13:37:53.030"/>
</kw>
<kw name="Page Should Contain Element" library="SeleniumLibrary">
<arg>//span[@id='my_ip_address']</arg>
<doc>Verifies that element ``locator`` is found on the current page.</doc>
<msg timestamp="20240418 13:37:53.395" level="INFO">Current page contains element '//span[@id='my_ip_address']'.</msg>
<status status="PASS" starttime="20240418 13:37:53.030" endtime="20240418 13:37:53.396"/>
</kw>
<kw name="Sleep" library="BuiltIn">
<arg>5s</arg>
<doc>Pauses the test executed for the given time.</doc>
<msg timestamp="20240418 13:37:58.397" level="INFO">Slept 5 seconds</msg>
<status status="PASS" starttime="20240418 13:37:53.396" endtime="20240418 13:37:58.397"/>
</kw>
<kw name="Click Element" library="SeleniumLibrary">
<arg>//a[@class='btn account dropdown-toggle']</arg>
<doc>Click the element identified by ``locator``.</doc>
<msg timestamp="20240418 13:37:58.398" level="INFO">Clicking element '//a[@class='btn account dropdown-toggle']'.</msg>
<status status="PASS" starttime="20240418 13:37:58.397" endtime="20240418 13:37:58.533"/>
</kw>
<kw name="Sleep" library="BuiltIn">
<arg>3s</arg>
<doc>Pauses the test executed for the given time.</doc>
<msg timestamp="20240418 13:38:01.535" level="INFO">Slept 3 seconds</msg>
<status status="PASS" starttime="20240418 13:37:58.533" endtime="20240418 13:38:01.535"/>
</kw>
<kw name="Click Element" library="SeleniumLibrary">
<arg>//ul[@class='dropdown-menu pull-right']//a[contains(text(),'Preferensi Pengguna')]</arg>
<doc>Click the element identified by ``locator``.</doc>
<msg timestamp="20240418 13:38:01.537" level="INFO">Clicking element '//ul[@class='dropdown-menu pull-right']//a[contains(text(),'Preferensi Pengguna')]'.</msg>
<status status="PASS" starttime="20240418 13:38:01.535" endtime="20240418 13:38:02.702"/>
</kw>
<kw name="Sleep" library="BuiltIn">
<arg>3s</arg>
<doc>Pauses the test executed for the given time.</doc>
<msg timestamp="20240418 13:38:05.703" level="INFO">Slept 3 seconds</msg>
<status status="PASS" starttime="20240418 13:38:02.702" endtime="20240418 13:38:05.703"/>
</kw>
<kw name="Get Text" library="SeleniumLibrary">
<var>${NamaDIstributor}</var>
<arg>//div[@class='col-sm-12 text-center']</arg>
<doc>Returns the text value of the element identified by ``locator``.</doc>
<msg timestamp="20240418 13:38:05.800" level="INFO">${NamaDIstributor} = Email Login
as@mail.com
ANDESMONT SAKTI, PT</msg>
<status status="PASS" starttime="20240418 13:38:05.703" endtime="20240418 13:38:05.801"/>
</kw>
<kw name="Sleep" library="BuiltIn">
<arg>5s</arg>
<doc>Pauses the test executed for the given time.</doc>
<msg timestamp="20240418 13:38:10.802" level="INFO">Slept 5 seconds</msg>
<status status="PASS" starttime="20240418 13:38:05.801" endtime="20240418 13:38:10.802"/>
</kw>
<kw name="Go To" library="SeleniumLibrary">
<arg>https://atbusiness-corsales.aksestoko.dev/at_business/delivery/list_deliveries</arg>
<doc>Navigates the current browser window to the provided ``url``.</doc>
<msg timestamp="20240418 13:38:10.802" level="INFO">Opening url 'https://atbusiness-corsales.aksestoko.dev/at_business/delivery/list_deliveries'</msg>
<status status="PASS" starttime="20240418 13:38:10.802" endtime="20240418 13:38:11.928"/>
</kw>
<kw name="Sleep" library="BuiltIn">
<arg>3s</arg>
<doc>Pauses the test executed for the given time.</doc>
<msg timestamp="20240418 13:38:14.929" level="INFO">Slept 3 seconds</msg>
<status status="PASS" starttime="20240418 13:38:11.929" endtime="20240418 13:38:14.929"/>
</kw>
<kw name="Scroll Element Into View" library="SeleniumLibrary">
<arg>//div[@id='CusData_info']</arg>
<doc>Scrolls the element identified by ``locator`` into view.</doc>
<status status="PASS" starttime="20240418 13:38:14.929" endtime="20240418 13:38:15.262"/>
</kw>
<kw name="Sleep" library="BuiltIn">
<arg>3s</arg>
<doc>Pauses the test executed for the given time.</doc>
<msg timestamp="20240418 13:38:18.262" level="INFO">Slept 3 seconds</msg>
<status status="PASS" starttime="20240418 13:38:15.262" endtime="20240418 13:38:18.262"/>
</kw>
<kw name="Get Text" library="SeleniumLibrary">
<var>${TotalPengiriman}</var>
<arg>//div[@id='CusData_info']</arg>
<doc>Returns the text value of the element identified by ``locator``.</doc>
<msg timestamp="20240418 13:38:18.292" level="INFO">${TotalPengiriman} = Menampilkan 0 ke 0 dari 0 entri</msg>
<status status="PASS" starttime="20240418 13:38:18.262" endtime="20240418 13:38:18.292"/>
</kw>
<kw name="Sleep" library="BuiltIn">
<arg>3s</arg>
<doc>Pauses the test executed for the given time.</doc>
<msg timestamp="20240418 13:38:21.293" level="INFO">Slept 3 seconds</msg>
<status status="PASS" starttime="20240418 13:38:18.292" endtime="20240418 13:38:21.294"/>
</kw>
<kw name="Go To" library="SeleniumLibrary">
<arg>https://atbusiness-corsales.aksestoko.dev/at_business/customer/list?v=1.0.20231001</arg>
<doc>Navigates the current browser window to the provided ``url``.</doc>
<msg timestamp="20240418 13:38:21.295" level="INFO">Opening url 'https://atbusiness-corsales.aksestoko.dev/at_business/customer/list?v=1.0.20231001'</msg>
<status status="PASS" starttime="20240418 13:38:21.294" endtime="20240418 13:38:22.223"/>
</kw>
<kw name="Sleep" library="BuiltIn">
<arg>3s</arg>
<doc>Pauses the test executed for the given time.</doc>
<msg timestamp="20240418 13:38:25.223" level="INFO">Slept 3 seconds</msg>
<status status="PASS" starttime="20240418 13:38:22.223" endtime="20240418 13:38:25.223"/>
</kw>
<kw name="Sleep" library="BuiltIn">
<arg>3s</arg>
<doc>Pauses the test executed for the given time.</doc>
<msg timestamp="20240418 13:38:28.224" level="INFO">Slept 3 seconds</msg>
<status status="PASS" starttime="20240418 13:38:25.223" endtime="20240418 13:38:28.224"/>
</kw>
<kw name="Scroll Element Into View" library="SeleniumLibrary">
<arg>//div[@id='CusData_info']</arg>
<doc>Scrolls the element identified by ``locator`` into view.</doc>
<status status="PASS" starttime="20240418 13:38:28.225" endtime="20240418 13:38:28.748"/>
</kw>
<kw name="Sleep" library="BuiltIn">
<arg>3s</arg>
<doc>Pauses the test executed for the given time.</doc>
<msg timestamp="20240418 13:38:31.750" level="INFO">Slept 3 seconds</msg>
<status status="PASS" starttime="20240418 13:38:28.748" endtime="20240418 13:38:31.750"/>
</kw>
<kw name="Get Text" library="SeleniumLibrary">
<var>${TotalCustomer}</var>
<arg>//div[@id='CusData_info']</arg>
<doc>Returns the text value of the element identified by ``locator``.</doc>
<msg timestamp="20240418 13:38:31.794" level="INFO">${TotalCustomer} = Menampilkan 0 ke 0 dari 0 entri</msg>
<status status="PASS" starttime="20240418 13:38:31.750" endtime="20240418 13:38:31.794"/>
</kw>
<kw name="Sleep" library="BuiltIn">
<arg>3s</arg>
<doc>Pauses the test executed for the given time.</doc>
<msg timestamp="20240418 13:38:34.795" level="INFO">Slept 3 seconds</msg>
<status status="PASS" starttime="20240418 13:38:31.794" endtime="20240418 13:38:34.795"/>
</kw>
<kw name="Go To" library="SeleniumLibrary">
<arg>https://atbusiness-corsales.aksestoko.dev/at_business/utilitize/list_soldto?v=1.0.20231001</arg>
<doc>Navigates the current browser window to the provided ``url``.</doc>
<msg timestamp="20240418 13:38:34.796" level="INFO">Opening url 'https://atbusiness-corsales.aksestoko.dev/at_business/utilitize/list_soldto?v=1.0.20231001'</msg>
<status status="PASS" starttime="20240418 13:38:34.796" endtime="20240418 13:38:35.564"/>
</kw>
<kw name="Sleep" library="BuiltIn">
<arg>3s</arg>
<doc>Pauses the test executed for the given time.</doc>
<msg timestamp="20240418 13:38:38.565" level="INFO">Slept 3 seconds</msg>
<status status="PASS" starttime="20240418 13:38:35.564" endtime="20240418 13:38:38.565"/>
</kw>
<kw name="Sleep" library="BuiltIn">
<arg>3s</arg>
<doc>Pauses the test executed for the given time.</doc>
<msg timestamp="20240418 13:38:41.566" level="INFO">Slept 3 seconds</msg>
<status status="PASS" starttime="20240418 13:38:38.565" endtime="20240418 13:38:41.566"/>
</kw>
<kw name="Get Text" library="SeleniumLibrary">
<var>${SoldTo}</var>
<arg>//div[@id='GData_info']</arg>
<doc>Returns the text value of the element identified by ``locator``.</doc>
<msg timestamp="20240418 13:38:42.265" level="INFO">${SoldTo} = Menampilkan 0 ke 0 dari 0 entri</msg>
<status status="PASS" starttime="20240418 13:38:41.566" endtime="20240418 13:38:42.266"/>
</kw>
<kw name="Go To" library="SeleniumLibrary">
<arg>https://docs.google.com/forms/d/e/1FAIpQLSdLAvdi9m1saX1SFBk24TVr_d3SJbUcKF5mI0lM9YbLPD08XA/viewform</arg>
<doc>Navigates the current browser window to the provided ``url``.</doc>
<msg timestamp="20240418 13:38:42.266" level="INFO">Opening url 'https://docs.google.com/forms/d/e/1FAIpQLSdLAvdi9m1saX1SFBk24TVr_d3SJbUcKF5mI0lM9YbLPD08XA/viewform'</msg>
<status status="PASS" starttime="20240418 13:38:42.266" endtime="20240418 13:38:46.052"/>
</kw>
<kw name="Sleep" library="BuiltIn">
<arg>3s</arg>
<doc>Pauses the test executed for the given time.</doc>
<msg timestamp="20240418 13:38:49.052" level="INFO">Slept 3 seconds</msg>
<status status="PASS" starttime="20240418 13:38:46.052" endtime="20240418 13:38:49.052"/>
</kw>
<kw name="Input Text" library="SeleniumLibrary">
<arg>//div[@class='lrKTG']//div[1]//div[1]//div[1]//div[2]//div[1]//div[1]//div[1]//div[1]//input[1]</arg>
<arg>${NamaDIstributor}</arg>
<doc>Types the given ``text`` into the text field identified by ``locator``.</doc>
<msg timestamp="20240418 13:38:49.054" level="INFO">Typing text 'Email Login
as@mail.com
ANDESMONT SAKTI, PT' into text field '//div[@class='lrKTG']//div[1]//div[1]//div[1]//div[2]//div[1]//div[1]//div[1]//div[1]//input[1]'.</msg>
<status status="PASS" starttime="20240418 13:38:49.052" endtime="20240418 13:38:49.497"/>
</kw>
<kw name="Sleep" library="BuiltIn">
<arg>3s</arg>
<doc>Pauses the test executed for the given time.</doc>
<msg timestamp="20240418 13:38:52.498" level="INFO">Slept 3 seconds</msg>
<status status="PASS" starttime="20240418 13:38:49.498" endtime="20240418 13:38:52.499"/>
</kw>
<kw name="Input Text" library="SeleniumLibrary">
<arg>//div[@role='list']//div[2]//div[1]//div[1]//div[2]//div[1]//div[1]//div[1]//div[1]//input[1]</arg>
<arg>${TotalCustomer}</arg>
<doc>Types the given ``text`` into the text field identified by ``locator``.</doc>
<msg timestamp="20240418 13:38:52.500" level="INFO">Typing text 'Menampilkan 0 ke 0 dari 0 entri' into text field '//div[@role='list']//div[2]//div[1]//div[1]//div[2]//div[1]//div[1]//div[1]//div[1]//input[1]'.</msg>
<status status="PASS" starttime="20240418 13:38:52.499" endtime="20240418 13:38:52.790"/>
</kw>
<kw name="Sleep" library="BuiltIn">
<arg>3s</arg>
<doc>Pauses the test executed for the given time.</doc>
<msg timestamp="20240418 13:38:55.791" level="INFO">Slept 3 seconds</msg>
<status status="PASS" starttime="20240418 13:38:52.790" endtime="20240418 13:38:55.791"/>
</kw>
<kw name="Input Text" library="SeleniumLibrary">
<arg>//div[@class='teQAzf']//div[3]//div[1]//div[1]//div[2]//div[1]//div[1]//div[1]//div[1]//input[1]</arg>
<arg>${SoldTo}</arg>
<doc>Types the given ``text`` into the text field identified by ``locator``.</doc>
<msg timestamp="20240418 13:38:55.791" level="INFO">Typing text 'Menampilkan 0 ke 0 dari 0 entri' into text field '//div[@class='teQAzf']//div[3]//div[1]//div[1]//div[2]//div[1]//div[1]//div[1]//div[1]//input[1]'.</msg>
<status status="PASS" starttime="20240418 13:38:55.791" endtime="20240418 13:38:56.084"/>
</kw>
<kw name="Sleep" library="BuiltIn">
<arg>3s</arg>
<doc>Pauses the test executed for the given time.</doc>
<msg timestamp="20240418 13:38:59.085" level="INFO">Slept 3 seconds</msg>
<status status="PASS" starttime="20240418 13:38:56.085" endtime="20240418 13:38:59.085"/>
</kw>
<kw name="Input Text" library="SeleniumLibrary">
<arg>//*[@id="mG61Hd"]/div[2]/div/div[2]/div[4]/div/div/div[2]/div/div[1]/div/div[1]/input</arg>
<arg>${TotalPengiriman}</arg>
<doc>Types the given ``text`` into the text field identified by ``locator``.</doc>
<msg timestamp="20240418 13:38:59.087" level="INFO">Typing text 'Menampilkan 0 ke 0 dari 0 entri' into text field '//*[@id="mG61Hd"]/div[2]/div/div[2]/div[4]/div/div/div[2]/div/div[1]/div/div[1]/input'.</msg>
<status status="PASS" starttime="20240418 13:38:59.086" endtime="20240418 13:38:59.359"/>
</kw>
<kw name="Sleep" library="BuiltIn">
<arg>3s</arg>
<doc>Pauses the test executed for the given time.</doc>
<msg timestamp="20240418 13:39:02.359" level="INFO">Slept 3 seconds</msg>
<status status="PASS" starttime="20240418 13:38:59.359" endtime="20240418 13:39:02.359"/>
</kw>
<kw name="Input Text" library="SeleniumLibrary">
<arg>//*[@id="mG61Hd"]/div[2]/div/div[2]/div[5]/div/div/div[2]/div/div[1]/div/div[1]/input</arg>
<arg>${area}</arg>
<doc>Types the given ``text`` into the text field identified by ``locator``.</doc>
<msg timestamp="20240418 13:39:02.361" level="INFO">Typing text 'Regional 1' into text field '//*[@id="mG61Hd"]/div[2]/div/div[2]/div[5]/div/div/div[2]/div/div[1]/div/div[1]/input'.</msg>
<status status="PASS" starttime="20240418 13:39:02.359" endtime="20240418 13:39:02.566"/>
</kw>
<kw name="Sleep" library="BuiltIn">
<arg>3s</arg>
<doc>Pauses the test executed for the given time.</doc>
<msg timestamp="20240418 13:39:05.568" level="INFO">Slept 3 seconds</msg>
<status status="PASS" starttime="20240418 13:39:02.566" endtime="20240418 13:39:05.568"/>
</kw>
<kw name="Click Element" library="SeleniumLibrary">
<arg>//div[@class='uArJ5e UQuaGc Y5sE8d VkkpIf QvWxOd']//span[@class='l4V7wb Fxmcue']</arg>
<doc>Click the element identified by ``locator``.</doc>
<msg timestamp="20240418 13:39:05.569" level="INFO">Clicking element '//div[@class='uArJ5e UQuaGc Y5sE8d VkkpIf QvWxOd']//span[@class='l4V7wb Fxmcue']'.</msg>
<status status="PASS" starttime="20240418 13:39:05.568" endtime="20240418 13:39:06.570"/>
</kw>
<status status="PASS" starttime="20240418 13:37:31.833" endtime="20240418 13:39:06.570"/>
</kw>
<kw name="Close All Browsers" library="SeleniumLibrary" type="TEARDOWN">
<doc>Closes all open browsers and resets the browser cache.</doc>
<status status="PASS" starttime="20240418 13:39:06.571" endtime="20240418 13:39:12.904"/>
</kw>
<status status="PASS" starttime="20240418 13:37:31.829" endtime="20240418 13:39:12.905"/>
</test>
<test id="s1-t2" name="Login Data User Dev" line="22">
<kw name="Login Akun">
<arg>ws@mail.com</arg>
<arg>Indonesia1</arg>
<arg>Regional 1</arg>
<kw name="Open Browser" library="SeleniumLibrary">
<arg>${URL}</arg>
<arg>${BROWSER}</arg>
<arg>options=add_argument("--headless")</arg>
<doc>Opens a new browser instance to the optional ``url``.</doc>
<msg timestamp="20240418 13:39:12.920" level="INFO">Opening browser 'Edge' to base url 'https://atbusiness.aksestoko.dev/login'.</msg>
<status status="PASS" starttime="20240418 13:39:12.918" endtime="20240418 13:39:19.446"/>
</kw>
<kw name="Maximize Browser Window" library="SeleniumLibrary">
<doc>Maximizes current browser window.</doc>
<status status="PASS" starttime="20240418 13:39:19.446" endtime="20240418 13:39:19.561"/>
</kw>
<kw name="Input Text" library="SeleniumLibrary">
<arg>${INPUTUSER}</arg>
<arg>${user}</arg>
<doc>Types the given ``text`` into the text field identified by ``locator``.</doc>
<msg timestamp="20240418 13:39:19.563" level="INFO">Typing text 'ws@mail.com' into text field '//input[@id='identity']'.</msg>
<status status="PASS" starttime="20240418 13:39:19.563" endtime="20240418 13:39:19.734"/>
</kw>
<kw name="Input Password" library="SeleniumLibrary">
<arg>${INPUTPASSWORD}</arg>
<arg>${pass}</arg>
<doc>Types the given password into the text field identified by ``locator``.</doc>
<msg timestamp="20240418 13:39:19.735" level="INFO">Typing password into text field '//input[@id='password']'.</msg>
<msg timestamp="20240418 13:39:19.801" level="INFO">Temporally setting log level to: NONE</msg>
<msg timestamp="20240418 13:39:19.927" level="INFO">Log level changed from NONE to INFO.</msg>
<status status="PASS" starttime="20240418 13:39:19.734" endtime="20240418 13:39:19.927"/>
</kw>
<kw name="Click Element" library="SeleniumLibrary">
<arg>${BUTTON}</arg>
<doc>Click the element identified by ``locator``.</doc>
<msg timestamp="20240418 13:39:19.928" level="INFO">Clicking element 'xpath://button[@id='plus_btn']'.</msg>
<status status="PASS" starttime="20240418 13:39:19.927" endtime="20240418 13:39:20.032"/>
</kw>
<kw name="Sleep" library="BuiltIn">
<arg>7s</arg>
<doc>Pauses the test executed for the given time.</doc>
<msg timestamp="20240418 13:39:27.033" level="INFO">Slept 7 seconds</msg>
<status status="PASS" starttime="20240418 13:39:20.032" endtime="20240418 13:39:27.033"/>
</kw>
<kw name="Run Keyword And Return Status" library="BuiltIn">
<var>${OptionLogin}</var>
<arg>Page Should Contain</arg>
<arg>Login Aplikasi</arg>
<doc>Runs the given keyword with given arguments and returns the status as a Boolean value.</doc>
<kw name="Page Should Contain" library="SeleniumLibrary">
<arg>Login Aplikasi</arg>
<doc>Verifies that current page contains ``text``.</doc>
<msg timestamp="20240418 13:39:27.396" level="INFO" html="true">&lt;/td&gt;&lt;/tr&gt;&lt;tr&gt;&lt;td colspan="3"&gt;&lt;a href="selenium-screenshot-15.png"&gt;&lt;img src="selenium-screenshot-15.png" width="800px"&gt;&lt;/a&gt;</msg>
<msg timestamp="20240418 13:39:27.396" level="FAIL">Page should have contained text 'Login Aplikasi' but did not.</msg>
<status status="FAIL" starttime="20240418 13:39:27.033" endtime="20240418 13:39:27.398"/>
</kw>
<msg timestamp="20240418 13:39:27.398" level="INFO">${OptionLogin} = False</msg>
<status status="PASS" starttime="20240418 13:39:27.033" endtime="20240418 13:39:27.398"/>
</kw>
<kw name="Run Keyword If" library="BuiltIn">
<arg>'${OptionLogin}' == 'True'</arg>
<arg>Click Element</arg>
<arg>//body/div[@id='loginDoubleModal']/div[1]/div[1]/div[2]/div[1]/div[1]/div[1]/img[1]</arg>
<doc>Runs the given keyword with the given arguments, if ``condition`` is true.</doc>
<status status="PASS" starttime="20240418 13:39:27.399" endtime="20240418 13:39:27.399"/>
</kw>
<kw name="Sleep" library="BuiltIn">
<arg>5s</arg>
<doc>Pauses the test executed for the given time.</doc>
<msg timestamp="20240418 13:39:32.401" level="INFO">Slept 5 seconds</msg>
<status status="PASS" starttime="20240418 13:39:27.400" endtime="20240418 13:39:32.401"/>
</kw>
<kw name="Page Should Contain Element" library="SeleniumLibrary">
<arg>//span[@id='my_ip_address']</arg>
<doc>Verifies that element ``locator`` is found on the current page.</doc>
<msg timestamp="20240418 13:39:32.429" level="INFO">Current page contains element '//span[@id='my_ip_address']'.</msg>
<status status="PASS" starttime="20240418 13:39:32.401" endtime="20240418 13:39:32.429"/>
</kw>
<kw name="Sleep" library="BuiltIn">
<arg>5s</arg>
<doc>Pauses the test executed for the given time.</doc>
<msg timestamp="20240418 13:39:37.429" level="INFO">Slept 5 seconds</msg>
<status status="PASS" starttime="20240418 13:39:32.429" endtime="20240418 13:39:37.429"/>
</kw>
<kw name="Click Element" library="SeleniumLibrary">
<arg>//a[@class='btn account dropdown-toggle']</arg>
<doc>Click the element identified by ``locator``.</doc>
<msg timestamp="20240418 13:39:37.429" level="INFO">Clicking element '//a[@class='btn account dropdown-toggle']'.</msg>
<status status="PASS" starttime="20240418 13:39:37.429" endtime="20240418 13:39:37.533"/>
</kw>
<kw name="Sleep" library="BuiltIn">
<arg>3s</arg>
<doc>Pauses the test executed for the given time.</doc>
<msg timestamp="20240418 13:39:40.534" level="INFO">Slept 3 seconds</msg>
<status status="PASS" starttime="20240418 13:39:37.533" endtime="20240418 13:39:40.534"/>
</kw>
<kw name="Click Element" library="SeleniumLibrary">
<arg>//ul[@class='dropdown-menu pull-right']//a[contains(text(),'Preferensi Pengguna')]</arg>
<doc>Click the element identified by ``locator``.</doc>
<msg timestamp="20240418 13:39:40.534" level="INFO">Clicking element '//ul[@class='dropdown-menu pull-right']//a[contains(text(),'Preferensi Pengguna')]'.</msg>
<status status="PASS" starttime="20240418 13:39:40.534" endtime="20240418 13:39:41.311"/>
</kw>
<kw name="Sleep" library="BuiltIn">
<arg>3s</arg>
<doc>Pauses the test executed for the given time.</doc>
<msg timestamp="20240418 13:39:44.311" level="INFO">Slept 3 seconds</msg>
<status status="PASS" starttime="20240418 13:39:41.311" endtime="20240418 13:39:44.311"/>
</kw>
<kw name="Get Text" library="SeleniumLibrary">
<var>${NamaDIstributor}</var>
<arg>//div[@class='col-sm-12 text-center']</arg>
<doc>Returns the text value of the element identified by ``locator``.</doc>
<msg timestamp="20240418 13:39:44.364" level="INFO">${NamaDIstributor} = Email Login
ws@mail.com
WADAH SUCI, PT</msg>
<status status="PASS" starttime="20240418 13:39:44.311" endtime="20240418 13:39:44.364"/>
</kw>
<kw name="Sleep" library="BuiltIn">
<arg>5s</arg>
<doc>Pauses the test executed for the given time.</doc>
<msg timestamp="20240418 13:39:49.364" level="INFO">Slept 5 seconds</msg>
<status status="PASS" starttime="20240418 13:39:44.364" endtime="20240418 13:39:49.364"/>
</kw>
<kw name="Go To" library="SeleniumLibrary">
<arg>https://atbusiness-corsales.aksestoko.dev/at_business/delivery/list_deliveries</arg>
<doc>Navigates the current browser window to the provided ``url``.</doc>
<msg timestamp="20240418 13:39:49.364" level="INFO">Opening url 'https://atbusiness-corsales.aksestoko.dev/at_business/delivery/list_deliveries'</msg>
<status status="PASS" starttime="20240418 13:39:49.364" endtime="20240418 13:39:50.058"/>
</kw>
<kw name="Sleep" library="BuiltIn">
<arg>3s</arg>
<doc>Pauses the test executed for the given time.</doc>
<msg timestamp="20240418 13:39:53.059" level="INFO">Slept 3 seconds</msg>
<status status="PASS" starttime="20240418 13:39:50.058" endtime="20240418 13:39:53.059"/>
</kw>
<kw name="Scroll Element Into View" library="SeleniumLibrary">
<arg>//div[@id='CusData_info']</arg>
<doc>Scrolls the element identified by ``locator`` into view.</doc>
<status status="PASS" starttime="20240418 13:39:53.059" endtime="20240418 13:39:53.391"/>
</kw>
<kw name="Sleep" library="BuiltIn">
<arg>3s</arg>
<doc>Pauses the test executed for the given time.</doc>
<msg timestamp="20240418 13:39:56.392" level="INFO">Slept 3 seconds</msg>
<status status="PASS" starttime="20240418 13:39:53.391" endtime="20240418 13:39:56.392"/>
</kw>
<kw name="Get Text" library="SeleniumLibrary">
<var>${TotalPengiriman}</var>
<arg>//div[@id='CusData_info']</arg>
<doc>Returns the text value of the element identified by ``locator``.</doc>
<msg timestamp="20240418 13:39:56.406" level="INFO">${TotalPengiriman} = Menampilkan 0 ke 0 dari 0 entri</msg>
<status status="PASS" starttime="20240418 13:39:56.392" endtime="20240418 13:39:56.406"/>
</kw>
<kw name="Sleep" library="BuiltIn">
<arg>3s</arg>
<doc>Pauses the test executed for the given time.</doc>
<msg timestamp="20240418 13:39:59.406" level="INFO">Slept 3 seconds</msg>
<status status="PASS" starttime="20240418 13:39:56.406" endtime="20240418 13:39:59.406"/>
</kw>
<kw name="Go To" library="SeleniumLibrary">
<arg>https://atbusiness-corsales.aksestoko.dev/at_business/customer/list?v=1.0.20231001</arg>
<doc>Navigates the current browser window to the provided ``url``.</doc>
<msg timestamp="20240418 13:39:59.407" level="INFO">Opening url 'https://atbusiness-corsales.aksestoko.dev/at_business/customer/list?v=1.0.20231001'</msg>
<status status="PASS" starttime="20240418 13:39:59.406" endtime="20240418 13:40:00.061"/>
</kw>
<kw name="Sleep" library="BuiltIn">
<arg>3s</arg>
<doc>Pauses the test executed for the given time.</doc>
<msg timestamp="20240418 13:40:03.063" level="INFO">Slept 3 seconds</msg>
<status status="PASS" starttime="20240418 13:40:00.062" endtime="20240418 13:40:03.063"/>
</kw>
<kw name="Sleep" library="BuiltIn">
<arg>3s</arg>
<doc>Pauses the test executed for the given time.</doc>
<msg timestamp="20240418 13:40:06.064" level="INFO">Slept 3 seconds</msg>
<status status="PASS" starttime="20240418 13:40:03.063" endtime="20240418 13:40:06.064"/>
</kw>
<kw name="Scroll Element Into View" library="SeleniumLibrary">
<arg>//div[@id='CusData_info']</arg>
<doc>Scrolls the element identified by ``locator`` into view.</doc>
<status status="PASS" starttime="20240418 13:40:06.064" endtime="20240418 13:40:06.380"/>
</kw>
<kw name="Sleep" library="BuiltIn">
<arg>3s</arg>
<doc>Pauses the test executed for the given time.</doc>
<msg timestamp="20240418 13:40:09.380" level="INFO">Slept 3 seconds</msg>
<status status="PASS" starttime="20240418 13:40:06.380" endtime="20240418 13:40:09.380"/>
</kw>
<kw name="Get Text" library="SeleniumLibrary">
<var>${TotalCustomer}</var>
<arg>//div[@id='CusData_info']</arg>
<doc>Returns the text value of the element identified by ``locator``.</doc>
<msg timestamp="20240418 13:40:09.414" level="INFO">${TotalCustomer} = Menampilkan 0 ke 0 dari 0 entri</msg>
<status status="PASS" starttime="20240418 13:40:09.380" endtime="20240418 13:40:09.414"/>
</kw>
<kw name="Sleep" library="BuiltIn">
<arg>3s</arg>
<doc>Pauses the test executed for the given time.</doc>
<msg timestamp="20240418 13:40:12.416" level="INFO">Slept 3 seconds</msg>
<status status="PASS" starttime="20240418 13:40:09.414" endtime="20240418 13:40:12.416"/>
</kw>
<kw name="Go To" library="SeleniumLibrary">
<arg>https://atbusiness-corsales.aksestoko.dev/at_business/utilitize/list_soldto?v=1.0.20231001</arg>
<doc>Navigates the current browser window to the provided ``url``.</doc>
<msg timestamp="20240418 13:40:12.416" level="INFO">Opening url 'https://atbusiness-corsales.aksestoko.dev/at_business/utilitize/list_soldto?v=1.0.20231001'</msg>
<status status="PASS" starttime="20240418 13:40:12.416" endtime="20240418 13:40:14.389"/>
</kw>
<kw name="Sleep" library="BuiltIn">
<arg>3s</arg>
<doc>Pauses the test executed for the given time.</doc>
<msg timestamp="20240418 13:40:17.389" level="INFO">Slept 3 seconds</msg>
<status status="PASS" starttime="20240418 13:40:14.389" endtime="20240418 13:40:17.389"/>
</kw>
<kw name="Sleep" library="BuiltIn">
<arg>3s</arg>
<doc>Pauses the test executed for the given time.</doc>
<msg timestamp="20240418 13:40:20.389" level="INFO">Slept 3 seconds</msg>
<status status="PASS" starttime="20240418 13:40:17.389" endtime="20240418 13:40:20.389"/>
</kw>
<kw name="Get Text" library="SeleniumLibrary">
<var>${SoldTo}</var>
<arg>//div[@id='GData_info']</arg>
<doc>Returns the text value of the element identified by ``locator``.</doc>
<msg timestamp="20240418 13:40:20.423" level="INFO">${SoldTo} = Menampilkan 0 ke 0 dari 0 entri</msg>
<status status="PASS" starttime="20240418 13:40:20.389" endtime="20240418 13:40:20.423"/>
</kw>
<kw name="Go To" library="SeleniumLibrary">
<arg>https://docs.google.com/forms/d/e/1FAIpQLSdLAvdi9m1saX1SFBk24TVr_d3SJbUcKF5mI0lM9YbLPD08XA/viewform</arg>
<doc>Navigates the current browser window to the provided ``url``.</doc>
<msg timestamp="20240418 13:40:20.423" level="INFO">Opening url 'https://docs.google.com/forms/d/e/1FAIpQLSdLAvdi9m1saX1SFBk24TVr_d3SJbUcKF5mI0lM9YbLPD08XA/viewform'</msg>
<status status="PASS" starttime="20240418 13:40:20.423" endtime="20240418 13:40:22.292"/>
</kw>
<kw name="Sleep" library="BuiltIn">
<arg>3s</arg>
<doc>Pauses the test executed for the given time.</doc>
<msg timestamp="20240418 13:40:25.292" level="INFO">Slept 3 seconds</msg>
<status status="PASS" starttime="20240418 13:40:22.292" endtime="20240418 13:40:25.292"/>
</kw>
<kw name="Input Text" library="SeleniumLibrary">
<arg>//div[@class='lrKTG']//div[1]//div[1]//div[1]//div[2]//div[1]//div[1]//div[1]//div[1]//input[1]</arg>
<arg>${NamaDIstributor}</arg>
<doc>Types the given ``text`` into the text field identified by ``locator``.</doc>
<msg timestamp="20240418 13:40:25.292" level="INFO">Typing text 'Email Login
ws@mail.com
WADAH SUCI, PT' into text field '//div[@class='lrKTG']//div[1]//div[1]//div[1]//div[2]//div[1]//div[1]//div[1]//div[1]//input[1]'.</msg>
<status status="PASS" starttime="20240418 13:40:25.292" endtime="20240418 13:40:25.670"/>
</kw>
<kw name="Sleep" library="BuiltIn">
<arg>3s</arg>
<doc>Pauses the test executed for the given time.</doc>
<msg timestamp="20240418 13:40:28.671" level="INFO">Slept 3 seconds</msg>
<status status="PASS" starttime="20240418 13:40:25.670" endtime="20240418 13:40:28.671"/>
</kw>
<kw name="Input Text" library="SeleniumLibrary">
<arg>//div[@role='list']//div[2]//div[1]//div[1]//div[2]//div[1]//div[1]//div[1]//div[1]//input[1]</arg>
<arg>${TotalCustomer}</arg>
<doc>Types the given ``text`` into the text field identified by ``locator``.</doc>
<msg timestamp="20240418 13:40:28.671" level="INFO">Typing text 'Menampilkan 0 ke 0 dari 0 entri' into text field '//div[@role='list']//div[2]//div[1]//div[1]//div[2]//div[1]//div[1]//div[1]//div[1]//input[1]'.</msg>
<status status="PASS" starttime="20240418 13:40:28.671" endtime="20240418 13:40:28.959"/>
</kw>
<kw name="Sleep" library="BuiltIn">
<arg>3s</arg>
<doc>Pauses the test executed for the given time.</doc>
<msg timestamp="20240418 13:40:31.959" level="INFO">Slept 3 seconds</msg>
<status status="PASS" starttime="20240418 13:40:28.959" endtime="20240418 13:40:31.959"/>
</kw>
<kw name="Input Text" library="SeleniumLibrary">
<arg>//div[@class='teQAzf']//div[3]//div[1]//div[1]//div[2]//div[1]//div[1]//div[1]//div[1]//input[1]</arg>
<arg>${SoldTo}</arg>
<doc>Types the given ``text`` into the text field identified by ``locator``.</doc>
<msg timestamp="20240418 13:40:31.959" level="INFO">Typing text 'Menampilkan 0 ke 0 dari 0 entri' into text field '//div[@class='teQAzf']//div[3]//div[1]//div[1]//div[2]//div[1]//div[1]//div[1]//div[1]//input[1]'.</msg>
<status status="PASS" starttime="20240418 13:40:31.959" endtime="20240418 13:40:32.257"/>
</kw>
<kw name="Sleep" library="BuiltIn">
<arg>3s</arg>
<doc>Pauses the test executed for the given time.</doc>
<msg timestamp="20240418 13:40:35.258" level="INFO">Slept 3 seconds</msg>
<status status="PASS" starttime="20240418 13:40:32.257" endtime="20240418 13:40:35.258"/>
</kw>
<kw name="Input Text" library="SeleniumLibrary">
<arg>//*[@id="mG61Hd"]/div[2]/div/div[2]/div[4]/div/div/div[2]/div/div[1]/div/div[1]/input</arg>
<arg>${TotalPengiriman}</arg>
<doc>Types the given ``text`` into the text field identified by ``locator``.</doc>
<msg timestamp="20240418 13:40:35.258" level="INFO">Typing text 'Menampilkan 0 ke 0 dari 0 entri' into text field '//*[@id="mG61Hd"]/div[2]/div/div[2]/div[4]/div/div/div[2]/div/div[1]/div/div[1]/input'.</msg>
<status status="PASS" starttime="20240418 13:40:35.258" endtime="20240418 13:40:35.534"/>
</kw>
<kw name="Sleep" library="BuiltIn">
<arg>3s</arg>
<doc>Pauses the test executed for the given time.</doc>
<msg timestamp="20240418 13:40:38.534" level="INFO">Slept 3 seconds</msg>
<status status="PASS" starttime="20240418 13:40:35.534" endtime="20240418 13:40:38.534"/>
</kw>
<kw name="Input Text" library="SeleniumLibrary">
<arg>//*[@id="mG61Hd"]/div[2]/div/div[2]/div[5]/div/div/div[2]/div/div[1]/div/div[1]/input</arg>
<arg>${area}</arg>
<doc>Types the given ``text`` into the text field identified by ``locator``.</doc>
<msg timestamp="20240418 13:40:38.534" level="INFO">Typing text 'Regional 1' into text field '//*[@id="mG61Hd"]/div[2]/div/div[2]/div[5]/div/div/div[2]/div/div[1]/div/div[1]/input'.</msg>
<status status="PASS" starttime="20240418 13:40:38.534" endtime="20240418 13:40:38.728"/>
</kw>
<kw name="Sleep" library="BuiltIn">
<arg>3s</arg>
<doc>Pauses the test executed for the given time.</doc>
<msg timestamp="20240418 13:40:41.728" level="INFO">Slept 3 seconds</msg>
<status status="PASS" starttime="20240418 13:40:38.728" endtime="20240418 13:40:41.728"/>
</kw>
<kw name="Click Element" library="SeleniumLibrary">
<arg>//div[@class='uArJ5e UQuaGc Y5sE8d VkkpIf QvWxOd']//span[@class='l4V7wb Fxmcue']</arg>
<doc>Click the element identified by ``locator``.</doc>
<msg timestamp="20240418 13:40:41.728" level="INFO">Clicking element '//div[@class='uArJ5e UQuaGc Y5sE8d VkkpIf QvWxOd']//span[@class='l4V7wb Fxmcue']'.</msg>
<status status="PASS" starttime="20240418 13:40:41.728" endtime="20240418 13:40:42.940"/>
</kw>
<status status="PASS" starttime="20240418 13:39:12.916" endtime="20240418 13:40:42.940"/>
</kw>
<kw name="Close All Browsers" library="SeleniumLibrary" type="TEARDOWN">
<doc>Closes all open browsers and resets the browser cache.</doc>
<status status="PASS" starttime="20240418 13:40:42.941" endtime="20240418 13:40:49.104"/>
</kw>
<status status="PASS" starttime="20240418 13:39:12.911" endtime="20240418 13:40:49.104"/>
</test>
<test id="s1-t3" name="Login Data User Dev" line="22">
<kw name="Login Akun">
<arg>app@mail.com</arg>
<arg>Indonesia1</arg>
<arg>Regional 1</arg>
<kw name="Open Browser" library="SeleniumLibrary">
<arg>${URL}</arg>
<arg>${BROWSER}</arg>
<arg>options=add_argument("--headless")</arg>
<doc>Opens a new browser instance to the optional ``url``.</doc>
<msg timestamp="20240418 13:40:49.104" level="INFO">Opening browser 'Edge' to base url 'https://atbusiness.aksestoko.dev/login'.</msg>
<status status="PASS" starttime="20240418 13:40:49.104" endtime="20240418 13:40:55.894"/>
</kw>
<kw name="Maximize Browser Window" library="SeleniumLibrary">
<doc>Maximizes current browser window.</doc>
<status status="PASS" starttime="20240418 13:40:55.894" endtime="20240418 13:40:56.006"/>
</kw>
<kw name="Input Text" library="SeleniumLibrary">
<arg>${INPUTUSER}</arg>
<arg>${user}</arg>
<doc>Types the given ``text`` into the text field identified by ``locator``.</doc>
<msg timestamp="20240418 13:40:56.006" level="INFO">Typing text 'app@mail.com' into text field '//input[@id='identity']'.</msg>
<status status="PASS" starttime="20240418 13:40:56.006" endtime="20240418 13:40:56.192"/>
</kw>
<kw name="Input Password" library="SeleniumLibrary">
<arg>${INPUTPASSWORD}</arg>
<arg>${pass}</arg>
<doc>Types the given password into the text field identified by ``locator``.</doc>
<msg timestamp="20240418 13:40:56.194" level="INFO">Typing password into text field '//input[@id='password']'.</msg>
<msg timestamp="20240418 13:40:56.259" level="INFO">Temporally setting log level to: NONE</msg>
<msg timestamp="20240418 13:40:56.384" level="INFO">Log level changed from NONE to INFO.</msg>
<status status="PASS" starttime="20240418 13:40:56.192" endtime="20240418 13:40:56.384"/>
</kw>
<kw name="Click Element" library="SeleniumLibrary">
<arg>${BUTTON}</arg>
<doc>Click the element identified by ``locator``.</doc>
<msg timestamp="20240418 13:40:56.385" level="INFO">Clicking element 'xpath://button[@id='plus_btn']'.</msg>
<status status="PASS" starttime="20240418 13:40:56.384" endtime="20240418 13:40:56.491"/>
</kw>
<kw name="Sleep" library="BuiltIn">
<arg>7s</arg>
<doc>Pauses the test executed for the given time.</doc>
<msg timestamp="20240418 13:41:03.492" level="INFO">Slept 7 seconds</msg>
<status status="PASS" starttime="20240418 13:40:56.491" endtime="20240418 13:41:03.492"/>
</kw>
<kw name="Run Keyword And Return Status" library="BuiltIn">
<var>${OptionLogin}</var>
<arg>Page Should Contain</arg>
<arg>Login Aplikasi</arg>
<doc>Runs the given keyword with given arguments and returns the status as a Boolean value.</doc>
<kw name="Page Should Contain" library="SeleniumLibrary">
<arg>Login Aplikasi</arg>
<doc>Verifies that current page contains ``text``.</doc>
<msg timestamp="20240418 13:41:03.651" level="INFO" html="true">&lt;/td&gt;&lt;/tr&gt;&lt;tr&gt;&lt;td colspan="3"&gt;&lt;a href="selenium-screenshot-16.png"&gt;&lt;img src="selenium-screenshot-16.png" width="800px"&gt;&lt;/a&gt;</msg>
<msg timestamp="20240418 13:41:03.651" level="FAIL">Page should have contained text 'Login Aplikasi' but did not.</msg>
<status status="FAIL" starttime="20240418 13:41:03.492" endtime="20240418 13:41:03.651"/>
</kw>
<msg timestamp="20240418 13:41:03.651" level="INFO">${OptionLogin} = False</msg>
<status status="PASS" starttime="20240418 13:41:03.492" endtime="20240418 13:41:03.651"/>
</kw>
<kw name="Run Keyword If" library="BuiltIn">
<arg>'${OptionLogin}' == 'True'</arg>
<arg>Click Element</arg>
<arg>//body/div[@id='loginDoubleModal']/div[1]/div[1]/div[2]/div[1]/div[1]/div[1]/img[1]</arg>
<doc>Runs the given keyword with the given arguments, if ``condition`` is true.</doc>
<status status="PASS" starttime="20240418 13:41:03.651" endtime="20240418 13:41:03.651"/>
</kw>
<kw name="Sleep" library="BuiltIn">
<arg>5s</arg>
<doc>Pauses the test executed for the given time.</doc>
<msg timestamp="20240418 13:41:08.652" level="INFO">Slept 5 seconds</msg>
<status status="PASS" starttime="20240418 13:41:03.651" endtime="20240418 13:41:08.652"/>
</kw>
<kw name="Page Should Contain Element" library="SeleniumLibrary">
<arg>//span[@id='my_ip_address']</arg>
<doc>Verifies that element ``locator`` is found on the current page.</doc>
<msg timestamp="20240418 13:41:08.678" level="INFO">Current page contains element '//span[@id='my_ip_address']'.</msg>
<status status="PASS" starttime="20240418 13:41:08.652" endtime="20240418 13:41:08.678"/>
</kw>
<kw name="Sleep" library="BuiltIn">
<arg>5s</arg>
<doc>Pauses the test executed for the given time.</doc>
<msg timestamp="20240418 13:41:13.678" level="INFO">Slept 5 seconds</msg>
<status status="PASS" starttime="20240418 13:41:08.678" endtime="20240418 13:41:13.678"/>
</kw>
<kw name="Click Element" library="SeleniumLibrary">
<arg>//a[@class='btn account dropdown-toggle']</arg>
<doc>Click the element identified by ``locator``.</doc>
<msg timestamp="20240418 13:41:13.680" level="INFO">Clicking element '//a[@class='btn account dropdown-toggle']'.</msg>
<status status="PASS" starttime="20240418 13:41:13.678" endtime="20240418 13:41:13.788"/>
</kw>
<kw name="Sleep" library="BuiltIn">
<arg>3s</arg>
<doc>Pauses the test executed for the given time.</doc>
<msg timestamp="20240418 13:41:16.788" level="INFO">Slept 3 seconds</msg>
<status status="PASS" starttime="20240418 13:41:13.788" endtime="20240418 13:41:16.788"/>
</kw>
<kw name="Click Element" library="SeleniumLibrary">
<arg>//ul[@class='dropdown-menu pull-right']//a[contains(text(),'Preferensi Pengguna')]</arg>
<doc>Click the element identified by ``locator``.</doc>
<msg timestamp="20240418 13:41:16.788" level="INFO">Clicking element '//ul[@class='dropdown-menu pull-right']//a[contains(text(),'Preferensi Pengguna')]'.</msg>
<status status="PASS" starttime="20240418 13:41:16.788" endtime="20240418 13:41:17.519"/>
</kw>
<kw name="Sleep" library="BuiltIn">
<arg>3s</arg>
<doc>Pauses the test executed for the given time.</doc>
<msg timestamp="20240418 13:41:20.519" level="INFO">Slept 3 seconds</msg>
<status status="PASS" starttime="20240418 13:41:17.519" endtime="20240418 13:41:20.519"/>
</kw>
<kw name="Get Text" library="SeleniumLibrary">
<var>${NamaDIstributor}</var>
<arg>//div[@class='col-sm-12 text-center']</arg>
<doc>Returns the text value of the element identified by ``locator``.</doc>
<msg timestamp="20240418 13:41:20.587" level="INFO">${NamaDIstributor} = Email Login
app@mail.com
AQEELA PUTERI PRATAMA, PT</msg>
<status status="PASS" starttime="20240418 13:41:20.519" endtime="20240418 13:41:20.587"/>
</kw>
<kw name="Sleep" library="BuiltIn">
<arg>5s</arg>
<doc>Pauses the test executed for the given time.</doc>
<msg timestamp="20240418 13:41:25.588" level="INFO">Slept 5 seconds</msg>
<status status="PASS" starttime="20240418 13:41:20.587" endtime="20240418 13:41:25.588"/>
</kw>
<kw name="Go To" library="SeleniumLibrary">
<arg>https://atbusiness-corsales.aksestoko.dev/at_business/delivery/list_deliveries</arg>
<doc>Navigates the current browser window to the provided ``url``.</doc>
<msg timestamp="20240418 13:41:25.588" level="INFO">Opening url 'https://atbusiness-corsales.aksestoko.dev/at_business/delivery/list_deliveries'</msg>
<status status="PASS" starttime="20240418 13:41:25.588" endtime="20240418 13:41:26.480"/>
</kw>
<kw name="Sleep" library="BuiltIn">
<arg>3s</arg>
<doc>Pauses the test executed for the given time.</doc>
<msg timestamp="20240418 13:41:29.481" level="INFO">Slept 3 seconds</msg>
<status status="PASS" starttime="20240418 13:41:26.480" endtime="20240418 13:41:29.481"/>
</kw>
<kw name="Scroll Element Into View" library="SeleniumLibrary">
<arg>//div[@id='CusData_info']</arg>
<doc>Scrolls the element identified by ``locator`` into view.</doc>
<status status="PASS" starttime="20240418 13:41:29.481" endtime="20240418 13:41:29.825"/>
</kw>
<kw name="Sleep" library="BuiltIn">
<arg>3s</arg>
<doc>Pauses the test executed for the given time.</doc>
<msg timestamp="20240418 13:41:32.825" level="INFO">Slept 3 seconds</msg>
<status status="PASS" starttime="20240418 13:41:29.825" endtime="20240418 13:41:32.825"/>
</kw>
<kw name="Get Text" library="SeleniumLibrary">
<var>${TotalPengiriman}</var>
<arg>//div[@id='CusData_info']</arg>
<doc>Returns the text value of the element identified by ``locator``.</doc>
<msg timestamp="20240418 13:41:32.881" level="INFO">${TotalPengiriman} = Menampilkan 0 ke 0 dari 0 entri</msg>
<status status="PASS" starttime="20240418 13:41:32.825" endtime="20240418 13:41:32.881"/>
</kw>
<kw name="Sleep" library="BuiltIn">
<arg>3s</arg>
<doc>Pauses the test executed for the given time.</doc>
<msg timestamp="20240418 13:41:35.881" level="INFO">Slept 3 seconds</msg>
<status status="PASS" starttime="20240418 13:41:32.881" endtime="20240418 13:41:35.881"/>
</kw>
<kw name="Go To" library="SeleniumLibrary">
<arg>https://atbusiness-corsales.aksestoko.dev/at_business/customer/list?v=1.0.20231001</arg>
<doc>Navigates the current browser window to the provided ``url``.</doc>
<msg timestamp="20240418 13:41:35.881" level="INFO">Opening url 'https://atbusiness-corsales.aksestoko.dev/at_business/customer/list?v=1.0.20231001'</msg>
<status status="PASS" starttime="20240418 13:41:35.881" endtime="20240418 13:41:36.470"/>
</kw>
<kw name="Sleep" library="BuiltIn">
<arg>3s</arg>
<doc>Pauses the test executed for the given time.</doc>
<msg timestamp="20240418 13:41:39.470" level="INFO">Slept 3 seconds</msg>
<status status="PASS" starttime="20240418 13:41:36.470" endtime="20240418 13:41:39.470"/>
</kw>
<kw name="Sleep" library="BuiltIn">
<arg>3s</arg>
<doc>Pauses the test executed for the given time.</doc>
<msg timestamp="20240418 13:41:42.470" level="INFO">Slept 3 seconds</msg>
<status status="PASS" starttime="20240418 13:41:39.470" endtime="20240418 13:41:42.470"/>
</kw>
<kw name="Scroll Element Into View" library="SeleniumLibrary">
<arg>//div[@id='CusData_info']</arg>
<doc>Scrolls the element identified by ``locator`` into view.</doc>
<status status="PASS" starttime="20240418 13:41:42.470" endtime="20240418 13:41:42.772"/>
</kw>
<kw name="Sleep" library="BuiltIn">
<arg>3s</arg>
<doc>Pauses the test executed for the given time.</doc>
<msg timestamp="20240418 13:41:45.773" level="INFO">Slept 3 seconds</msg>
<status status="PASS" starttime="20240418 13:41:42.772" endtime="20240418 13:41:45.773"/>
</kw>
<kw name="Get Text" library="SeleniumLibrary">
<var>${TotalCustomer}</var>
<arg>//div[@id='CusData_info']</arg>
<doc>Returns the text value of the element identified by ``locator``.</doc>
<msg timestamp="20240418 13:41:45.819" level="INFO">${TotalCustomer} = Menampilkan 0 ke 0 dari 0 entri</msg>
<status status="PASS" starttime="20240418 13:41:45.773" endtime="20240418 13:41:45.819"/>
</kw>
<kw name="Sleep" library="BuiltIn">
<arg>3s</arg>
<doc>Pauses the test executed for the given time.</doc>
<msg timestamp="20240418 13:41:48.820" level="INFO">Slept 3 seconds</msg>
<status status="PASS" starttime="20240418 13:41:45.819" endtime="20240418 13:41:48.820"/>
</kw>
<kw name="Go To" library="SeleniumLibrary">
<arg>https://atbusiness-corsales.aksestoko.dev/at_business/utilitize/list_soldto?v=1.0.20231001</arg>
<doc>Navigates the current browser window to the provided ``url``.</doc>
<msg timestamp="20240418 13:41:48.820" level="INFO">Opening url 'https://atbusiness-corsales.aksestoko.dev/at_business/utilitize/list_soldto?v=1.0.20231001'</msg>
<status status="PASS" starttime="20240418 13:41:48.820" endtime="20240418 13:41:49.349"/>
</kw>
<kw name="Sleep" library="BuiltIn">
<arg>3s</arg>
<doc>Pauses the test executed for the given time.</doc>
<msg timestamp="20240418 13:41:52.349" level="INFO">Slept 3 seconds</msg>
<status status="PASS" starttime="20240418 13:41:49.349" endtime="20240418 13:41:52.349"/>
</kw>
<kw name="Sleep" library="BuiltIn">
<arg>3s</arg>
<doc>Pauses the test executed for the given time.</doc>
<msg timestamp="20240418 13:41:55.350" level="INFO">Slept 3 seconds</msg>
<status status="PASS" starttime="20240418 13:41:52.349" endtime="20240418 13:41:55.350"/>
</kw>
<kw name="Get Text" library="SeleniumLibrary">
<var>${SoldTo}</var>
<arg>//div[@id='GData_info']</arg>
<doc>Returns the text value of the element identified by ``locator``.</doc>
<msg timestamp="20240418 13:41:55.403" level="INFO">${SoldTo} = Menampilkan 0 ke 0 dari 0 entri</msg>
<status status="PASS" starttime="20240418 13:41:55.350" endtime="20240418 13:41:55.403"/>
</kw>
<kw name="Go To" library="SeleniumLibrary">
<arg>https://docs.google.com/forms/d/e/1FAIpQLSdLAvdi9m1saX1SFBk24TVr_d3SJbUcKF5mI0lM9YbLPD08XA/viewform</arg>
<doc>Navigates the current browser window to the provided ``url``.</doc>
<msg timestamp="20240418 13:41:55.403" level="INFO">Opening url 'https://docs.google.com/forms/d/e/1FAIpQLSdLAvdi9m1saX1SFBk24TVr_d3SJbUcKF5mI0lM9YbLPD08XA/viewform'</msg>
<status status="PASS" starttime="20240418 13:41:55.403" endtime="20240418 13:41:57.582"/>
</kw>
<kw name="Sleep" library="BuiltIn">
<arg>3s</arg>
<doc>Pauses the test executed for the given time.</doc>
<msg timestamp="20240418 13:42:00.582" level="INFO">Slept 3 seconds</msg>
<status status="PASS" starttime="20240418 13:41:57.582" endtime="20240418 13:42:00.582"/>
</kw>
<kw name="Input Text" library="SeleniumLibrary">
<arg>//div[@class='lrKTG']//div[1]//div[1]//div[1]//div[2]//div[1]//div[1]//div[1]//div[1]//input[1]</arg>
<arg>${NamaDIstributor}</arg>
<doc>Types the given ``text`` into the text field identified by ``locator``.</doc>
<msg timestamp="20240418 13:42:00.583" level="INFO">Typing text 'Email Login
app@mail.com
AQEELA PUTERI PRATAMA, PT' into text field '//div[@class='lrKTG']//div[1]//div[1]//div[1]//div[2]//div[1]//div[1]//div[1]//div[1]//input[1]'.</msg>
<status status="PASS" starttime="20240418 13:42:00.583" endtime="20240418 13:42:01.077"/>
</kw>
<kw name="Sleep" library="BuiltIn">
<arg>3s</arg>
<doc>Pauses the test executed for the given time.</doc>
<msg timestamp="20240418 13:42:04.078" level="INFO">Slept 3 seconds</msg>
<status status="PASS" starttime="20240418 13:42:01.077" endtime="20240418 13:42:04.078"/>
</kw>
<kw name="Input Text" library="SeleniumLibrary">
<arg>//div[@role='list']//div[2]//div[1]//div[1]//div[2]//div[1]//div[1]//div[1]//div[1]//input[1]</arg>
<arg>${TotalCustomer}</arg>
<doc>Types the given ``text`` into the text field identified by ``locator``.</doc>
<msg timestamp="20240418 13:42:04.078" level="INFO">Typing text 'Menampilkan 0 ke 0 dari 0 entri' into text field '//div[@role='list']//div[2]//div[1]//div[1]//div[2]//div[1]//div[1]//div[1]//div[1]//input[1]'.</msg>
<status status="PASS" starttime="20240418 13:42:04.078" endtime="20240418 13:42:04.333"/>
</kw>
<kw name="Sleep" library="BuiltIn">
<arg>3s</arg>
<doc>Pauses the test executed for the given time.</doc>
<msg timestamp="20240418 13:42:07.333" level="INFO">Slept 3 seconds</msg>
<status status="PASS" starttime="20240418 13:42:04.333" endtime="20240418 13:42:07.333"/>
</kw>
<kw name="Input Text" library="SeleniumLibrary">
<arg>//div[@class='teQAzf']//div[3]//div[1]//div[1]//div[2]//div[1]//div[1]//div[1]//div[1]//input[1]</arg>
<arg>${SoldTo}</arg>
<doc>Types the given ``text`` into the text field identified by ``locator``.</doc>
<msg timestamp="20240418 13:42:07.333" level="INFO">Typing text 'Menampilkan 0 ke 0 dari 0 entri' into text field '//div[@class='teQAzf']//div[3]//div[1]//div[1]//div[2]//div[1]//div[1]//div[1]//div[1]//input[1]'.</msg>
<status status="PASS" starttime="20240418 13:42:07.333" endtime="20240418 13:42:07.641"/>
</kw>
<kw name="Sleep" library="BuiltIn">
<arg>3s</arg>
<doc>Pauses the test executed for the given time.</doc>
<msg timestamp="20240418 13:42:10.641" level="INFO">Slept 3 seconds</msg>
<status status="PASS" starttime="20240418 13:42:07.641" endtime="20240418 13:42:10.641"/>
</kw>
<kw name="Input Text" library="SeleniumLibrary">
<arg>//*[@id="mG61Hd"]/div[2]/div/div[2]/div[4]/div/div/div[2]/div/div[1]/div/div[1]/input</arg>
<arg>${TotalPengiriman}</arg>
<doc>Types the given ``text`` into the text field identified by ``locator``.</doc>
<msg timestamp="20240418 13:42:10.641" level="INFO">Typing text 'Menampilkan 0 ke 0 dari 0 entri' into text field '//*[@id="mG61Hd"]/div[2]/div/div[2]/div[4]/div/div/div[2]/div/div[1]/div/div[1]/input'.</msg>
<status status="PASS" starttime="20240418 13:42:10.641" endtime="20240418 13:42:10.925"/>
</kw>
<kw name="Sleep" library="BuiltIn">
<arg>3s</arg>
<doc>Pauses the test executed for the given time.</doc>
<msg timestamp="20240418 13:42:13.926" level="INFO">Slept 3 seconds</msg>
<status status="PASS" starttime="20240418 13:42:10.925" endtime="20240418 13:42:13.926"/>
</kw>
<kw name="Input Text" library="SeleniumLibrary">
<arg>//*[@id="mG61Hd"]/div[2]/div/div[2]/div[5]/div/div/div[2]/div/div[1]/div/div[1]/input</arg>
<arg>${area}</arg>
<doc>Types the given ``text`` into the text field identified by ``locator``.</doc>
<msg timestamp="20240418 13:42:13.926" level="INFO">Typing text 'Regional 1' into text field '//*[@id="mG61Hd"]/div[2]/div/div[2]/div[5]/div/div/div[2]/div/div[1]/div/div[1]/input'.</msg>
<status status="PASS" starttime="20240418 13:42:13.926" endtime="20240418 13:42:14.160"/>
</kw>
<kw name="Sleep" library="BuiltIn">
<arg>3s</arg>
<doc>Pauses the test executed for the given time.</doc>
<msg timestamp="20240418 13:42:17.161" level="INFO">Slept 3 seconds</msg>
<status status="PASS" starttime="20240418 13:42:14.160" endtime="20240418 13:42:17.161"/>
</kw>
<kw name="Click Element" library="SeleniumLibrary">
<arg>//div[@class='uArJ5e UQuaGc Y5sE8d VkkpIf QvWxOd']//span[@class='l4V7wb Fxmcue']</arg>
<doc>Click the element identified by ``locator``.</doc>
<msg timestamp="20240418 13:42:17.161" level="INFO">Clicking element '//div[@class='uArJ5e UQuaGc Y5sE8d VkkpIf QvWxOd']//span[@class='l4V7wb Fxmcue']'.</msg>
<status status="PASS" starttime="20240418 13:42:17.161" endtime="20240418 13:42:17.683"/>
</kw>
<status status="PASS" starttime="20240418 13:40:49.104" endtime="20240418 13:42:17.683"/>
</kw>
<kw name="Close All Browsers" library="SeleniumLibrary" type="TEARDOWN">
<doc>Closes all open browsers and resets the browser cache.</doc>
<status status="PASS" starttime="20240418 13:42:17.685" endtime="20240418 13:42:23.837"/>
</kw>
<status status="PASS" starttime="20240418 13:40:49.104" endtime="20240418 13:42:23.837"/>
</test>
<test id="s1-t4" name="Login Data User Dev" line="22">
<kw name="Login Akun">
<arg>waja@mail.com</arg>
<arg>Indonesia1</arg>
<arg>Regional 1</arg>
<kw name="Open Browser" library="SeleniumLibrary">
<arg>${URL}</arg>
<arg>${BROWSER}</arg>
<arg>options=add_argument("--headless")</arg>
<doc>Opens a new browser instance to the optional ``url``.</doc>
<msg timestamp="20240418 13:42:23.837" level="INFO">Opening browser 'Edge' to base url 'https://atbusiness.aksestoko.dev/login'.</msg>
<status status="PASS" starttime="20240418 13:42:23.837" endtime="20240418 13:42:27.361"/>
</kw>
<kw name="Maximize Browser Window" library="SeleniumLibrary">
<doc>Maximizes current browser window.</doc>
<status status="PASS" starttime="20240418 13:42:27.361" endtime="20240418 13:42:27.484"/>
</kw>
<kw name="Input Text" library="SeleniumLibrary">
<arg>${INPUTUSER}</arg>
<arg>${user}</arg>
<doc>Types the given ``text`` into the text field identified by ``locator``.</doc>
<msg timestamp="20240418 13:42:27.484" level="INFO">Typing text 'waja@mail.com' into text field '//input[@id='identity']'.</msg>
<status status="PASS" starttime="20240418 13:42:27.484" endtime="20240418 13:42:27.704"/>
</kw>
<kw name="Input Password" library="SeleniumLibrary">
<arg>${INPUTPASSWORD}</arg>
<arg>${pass}</arg>
<doc>Types the given password into the text field identified by ``locator``.</doc>
<msg timestamp="20240418 13:42:27.707" level="INFO">Typing password into text field '//input[@id='password']'.</msg>
<msg timestamp="20240418 13:42:27.753" level="INFO">Temporally setting log level to: NONE</msg>
<msg timestamp="20240418 13:42:27.886" level="INFO">Log level changed from NONE to INFO.</msg>
<status status="PASS" starttime="20240418 13:42:27.705" endtime="20240418 13:42:27.887"/>
</kw>
<kw name="Click Element" library="SeleniumLibrary">
<arg>${BUTTON}</arg>
<doc>Click the element identified by ``locator``.</doc>
<msg timestamp="20240418 13:42:27.888" level="INFO">Clicking element 'xpath://button[@id='plus_btn']'.</msg>
<status status="PASS" starttime="20240418 13:42:27.887" endtime="20240418 13:42:27.996"/>
</kw>
<kw name="Sleep" library="BuiltIn">
<arg>7s</arg>
<doc>Pauses the test executed for the given time.</doc>
<msg timestamp="20240418 13:42:34.996" level="INFO">Slept 7 seconds</msg>
<status status="PASS" starttime="20240418 13:42:27.996" endtime="20240418 13:42:34.996"/>
</kw>
<kw name="Run Keyword And Return Status" library="BuiltIn">
<var>${OptionLogin}</var>
<arg>Page Should Contain</arg>
<arg>Login Aplikasi</arg>
<doc>Runs the given keyword with given arguments and returns the status as a Boolean value.</doc>
<kw name="Page Should Contain" library="SeleniumLibrary">
<arg>Login Aplikasi</arg>
<doc>Verifies that current page contains ``text``.</doc>
<msg timestamp="20240418 13:42:36.481" level="INFO" html="true">&lt;/td&gt;&lt;/tr&gt;&lt;tr&gt;&lt;td colspan="3"&gt;&lt;a href="selenium-screenshot-17.png"&gt;&lt;img src="selenium-screenshot-17.png" width="800px"&gt;&lt;/a&gt;</msg>
<msg timestamp="20240418 13:42:36.481" level="FAIL">Page should have contained text 'Login Aplikasi' but did not.</msg>
<status status="FAIL" starttime="20240418 13:42:34.998" endtime="20240418 13:42:36.486"/>
</kw>
<msg timestamp="20240418 13:42:36.486" level="INFO">${OptionLogin} = False</msg>
<status status="PASS" starttime="20240418 13:42:34.996" endtime="20240418 13:42:36.486"/>
</kw>
<kw name="Run Keyword If" library="BuiltIn">
<arg>'${OptionLogin}' == 'True'</arg>
<arg>Click Element</arg>
<arg>//body/div[@id='loginDoubleModal']/div[1]/div[1]/div[2]/div[1]/div[1]/div[1]/img[1]</arg>
<doc>Runs the given keyword with the given arguments, if ``condition`` is true.</doc>
<status status="PASS" starttime="20240418 13:42:36.487" endtime="20240418 13:42:36.487"/>
</kw>
<kw name="Sleep" library="BuiltIn">
<arg>5s</arg>
<doc>Pauses the test executed for the given time.</doc>
<msg timestamp="20240418 13:42:41.488" level="INFO">Slept 5 seconds</msg>
<status status="PASS" starttime="20240418 13:42:36.488" endtime="20240418 13:42:41.488"/>
</kw>
<kw name="Page Should Contain Element" library="SeleniumLibrary">
<arg>//span[@id='my_ip_address']</arg>
<doc>Verifies that element ``locator`` is found on the current page.</doc>
<msg timestamp="20240418 13:42:41.541" level="INFO">Current page contains element '//span[@id='my_ip_address']'.</msg>
<status status="PASS" starttime="20240418 13:42:41.488" endtime="20240418 13:42:41.542"/>
</kw>
<kw name="Sleep" library="BuiltIn">
<arg>5s</arg>
<doc>Pauses the test executed for the given time.</doc>
<msg timestamp="20240418 13:42:46.542" level="INFO">Slept 5 seconds</msg>
<status status="PASS" starttime="20240418 13:42:41.542" endtime="20240418 13:42:46.542"/>
</kw>
<kw name="Click Element" library="SeleniumLibrary">
<arg>//a[@class='btn account dropdown-toggle']</arg>
<doc>Click the element identified by ``locator``.</doc>
<msg timestamp="20240418 13:42:46.542" level="INFO">Clicking element '//a[@class='btn account dropdown-toggle']'.</msg>
<status status="PASS" starttime="20240418 13:42:46.542" endtime="20240418 13:42:46.645"/>
</kw>
<kw name="Sleep" library="BuiltIn">
<arg>3s</arg>
<doc>Pauses the test executed for the given time.</doc>
<msg timestamp="20240418 13:42:49.645" level="INFO">Slept 3 seconds</msg>
<status status="PASS" starttime="20240418 13:42:46.645" endtime="20240418 13:42:49.645"/>
</kw>
<kw name="Click Element" library="SeleniumLibrary">
<arg>//ul[@class='dropdown-menu pull-right']//a[contains(text(),'Preferensi Pengguna')]</arg>
<doc>Click the element identified by ``locator``.</doc>
<msg timestamp="20240418 13:42:49.645" level="INFO">Clicking element '//ul[@class='dropdown-menu pull-right']//a[contains(text(),'Preferensi Pengguna')]'.</msg>
<status status="PASS" starttime="20240418 13:42:49.645" endtime="20240418 13:42:50.792"/>
</kw>
<kw name="Sleep" library="BuiltIn">
<arg>3s</arg>
<doc>Pauses the test executed for the given time.</doc>
<msg timestamp="20240418 13:42:53.793" level="INFO">Slept 3 seconds</msg>
<status status="PASS" starttime="20240418 13:42:50.792" endtime="20240418 13:42:53.793"/>
</kw>
<kw name="Get Text" library="SeleniumLibrary">
<var>${NamaDIstributor}</var>
<arg>//div[@class='col-sm-12 text-center']</arg>
<doc>Returns the text value of the element identified by ``locator``.</doc>
<msg timestamp="20240418 13:42:53.870" level="INFO">${NamaDIstributor} = Email Login
waja@mail.com
WAJA PERDANA, PT</msg>
<status status="PASS" starttime="20240418 13:42:53.793" endtime="20240418 13:42:53.870"/>
</kw>
<kw name="Sleep" library="BuiltIn">
<arg>5s</arg>
<doc>Pauses the test executed for the given time.</doc>
<msg timestamp="20240418 13:42:58.886" level="INFO">Slept 5 seconds</msg>
<status status="PASS" starttime="20240418 13:42:53.885" endtime="20240418 13:42:58.886"/>
</kw>
<kw name="Go To" library="SeleniumLibrary">
<arg>https://atbusiness-corsales.aksestoko.dev/at_business/delivery/list_deliveries</arg>
<doc>Navigates the current browser window to the provided ``url``.</doc>
<msg timestamp="20240418 13:42:58.886" level="INFO">Opening url 'https://atbusiness-corsales.aksestoko.dev/at_business/delivery/list_deliveries'</msg>
<status status="PASS" starttime="20240418 13:42:58.886" endtime="20240418 13:42:59.567"/>
</kw>
<kw name="Sleep" library="BuiltIn">
<arg>3s</arg>
<doc>Pauses the test executed for the given time.</doc>
<msg timestamp="20240418 13:43:02.568" level="INFO">Slept 3 seconds</msg>
<status status="PASS" starttime="20240418 13:42:59.567" endtime="20240418 13:43:02.568"/>
</kw>
<kw name="Scroll Element Into View" library="SeleniumLibrary">
<arg>//div[@id='CusData_info']</arg>
<doc>Scrolls the element identified by ``locator`` into view.</doc>
<status status="PASS" starttime="20240418 13:43:02.568" endtime="20240418 13:43:02.917"/>
</kw>
<kw name="Sleep" library="BuiltIn">
<arg>3s</arg>
<doc>Pauses the test executed for the given time.</doc>
<msg timestamp="20240418 13:43:05.918" level="INFO">Slept 3 seconds</msg>
<status status="PASS" starttime="20240418 13:43:02.917" endtime="20240418 13:43:05.918"/>
</kw>
<kw name="Get Text" library="SeleniumLibrary">
<var>${TotalPengiriman}</var>
<arg>//div[@id='CusData_info']</arg>
<doc>Returns the text value of the element identified by ``locator``.</doc>
<msg timestamp="20240418 13:43:05.944" level="INFO">${TotalPengiriman} = Menampilkan 0 ke 0 dari 0 entri</msg>
<status status="PASS" starttime="20240418 13:43:05.918" endtime="20240418 13:43:05.944"/>
</kw>
<kw name="Sleep" library="BuiltIn">
<arg>3s</arg>
<doc>Pauses the test executed for the given time.</doc>
<msg timestamp="20240418 13:43:08.945" level="INFO">Slept 3 seconds</msg>
<status status="PASS" starttime="20240418 13:43:05.944" endtime="20240418 13:43:08.945"/>
</kw>
<kw name="Go To" library="SeleniumLibrary">
<arg>https://atbusiness-corsales.aksestoko.dev/at_business/customer/list?v=1.0.20231001</arg>
<doc>Navigates the current browser window to the provided ``url``.</doc>
<msg timestamp="20240418 13:43:08.945" level="INFO">Opening url 'https://atbusiness-corsales.aksestoko.dev/at_business/customer/list?v=1.0.20231001'</msg>
<status status="PASS" starttime="20240418 13:43:08.945" endtime="20240418 13:43:09.775"/>
</kw>
<kw name="Sleep" library="BuiltIn">
<arg>3s</arg>
<doc>Pauses the test executed for the given time.</doc>
<msg timestamp="20240418 13:43:12.775" level="INFO">Slept 3 seconds</msg>
<status status="PASS" starttime="20240418 13:43:09.775" endtime="20240418 13:43:12.775"/>
</kw>
<kw name="Sleep" library="BuiltIn">
<arg>3s</arg>
<doc>Pauses the test executed for the given time.</doc>
<msg timestamp="20240418 13:43:15.776" level="INFO">Slept 3 seconds</msg>
<status status="PASS" starttime="20240418 13:43:12.775" endtime="20240418 13:43:15.776"/>
</kw>
<kw name="Scroll Element Into View" library="SeleniumLibrary">
<arg>//div[@id='CusData_info']</arg>
<doc>Scrolls the element identified by ``locator`` into view.</doc>
<status status="PASS" starttime="20240418 13:43:15.776" endtime="20240418 13:43:16.096"/>
</kw>
<kw name="Sleep" library="BuiltIn">
<arg>3s</arg>
<doc>Pauses the test executed for the given time.</doc>
<msg timestamp="20240418 13:43:19.096" level="INFO">Slept 3 seconds</msg>
<status status="PASS" starttime="20240418 13:43:16.096" endtime="20240418 13:43:19.096"/>
</kw>
<kw name="Get Text" library="SeleniumLibrary">
<var>${TotalCustomer}</var>
<arg>//div[@id='CusData_info']</arg>
<doc>Returns the text value of the element identified by ``locator``.</doc>
<msg timestamp="20240418 13:43:19.127" level="INFO">${TotalCustomer} = Menampilkan 0 ke 0 dari 0 entri</msg>
<status status="PASS" starttime="20240418 13:43:19.096" endtime="20240418 13:43:19.127"/>
</kw>
<kw name="Sleep" library="BuiltIn">
<arg>3s</arg>
<doc>Pauses the test executed for the given time.</doc>
<msg timestamp="20240418 13:43:22.128" level="INFO">Slept 3 seconds</msg>
<status status="PASS" starttime="20240418 13:43:19.127" endtime="20240418 13:43:22.128"/>
</kw>
<kw name="Go To" library="SeleniumLibrary">
<arg>https://atbusiness-corsales.aksestoko.dev/at_business/utilitize/list_soldto?v=1.0.20231001</arg>
<doc>Navigates the current browser window to the provided ``url``.</doc>
<msg timestamp="20240418 13:43:22.128" level="INFO">Opening url 'https://atbusiness-corsales.aksestoko.dev/at_business/utilitize/list_soldto?v=1.0.20231001'</msg>
<status status="PASS" starttime="20240418 13:43:22.128" endtime="20240418 13:43:22.669"/>
</kw>
<kw name="Sleep" library="BuiltIn">
<arg>3s</arg>
<doc>Pauses the test executed for the given time.</doc>
<msg timestamp="20240418 13:43:25.669" level="INFO">Slept 3 seconds</msg>
<status status="PASS" starttime="20240418 13:43:22.669" endtime="20240418 13:43:25.669"/>
</kw>
<kw name="Sleep" library="BuiltIn">
<arg>3s</arg>
<doc>Pauses the test executed for the given time.</doc>
<msg timestamp="20240418 13:43:28.670" level="INFO">Slept 3 seconds</msg>
<status status="PASS" starttime="20240418 13:43:25.669" endtime="20240418 13:43:28.670"/>
</kw>
<kw name="Get Text" library="SeleniumLibrary">
<var>${SoldTo}</var>
<arg>//div[@id='GData_info']</arg>
<doc>Returns the text value of the element identified by ``locator``.</doc>
<msg timestamp="20240418 13:43:28.728" level="INFO">${SoldTo} = Menampilkan 0 ke 0 dari 0 entri</msg>
<status status="PASS" starttime="20240418 13:43:28.670" endtime="20240418 13:43:28.728"/>
</kw>
<kw name="Go To" library="SeleniumLibrary">
<arg>https://docs.google.com/forms/d/e/1FAIpQLSdLAvdi9m1saX1SFBk24TVr_d3SJbUcKF5mI0lM9YbLPD08XA/viewform</arg>
<doc>Navigates the current browser window to the provided ``url``.</doc>
<msg timestamp="20240418 13:43:28.728" level="INFO">Opening url 'https://docs.google.com/forms/d/e/1FAIpQLSdLAvdi9m1saX1SFBk24TVr_d3SJbUcKF5mI0lM9YbLPD08XA/viewform'</msg>
<status status="PASS" starttime="20240418 13:43:28.728" endtime="20240418 13:43:29.531"/>
</kw>
<kw name="Sleep" library="BuiltIn">
<arg>3s</arg>
<doc>Pauses the test executed for the given time.</doc>
<msg timestamp="20240418 13:43:32.532" level="INFO">Slept 3 seconds</msg>
<status status="PASS" starttime="20240418 13:43:29.531" endtime="20240418 13:43:32.532"/>
</kw>
<kw name="Input Text" library="SeleniumLibrary">
<arg>//div[@class='lrKTG']//div[1]//div[1]//div[1]//div[2]//div[1]//div[1]//div[1]//div[1]//input[1]</arg>
<arg>${NamaDIstributor}</arg>
<doc>Types the given ``text`` into the text field identified by ``locator``.</doc>
<msg timestamp="20240418 13:43:32.532" level="INFO">Typing text 'Email Login
waja@mail.com
WAJA PERDANA, PT' into text field '//div[@class='lrKTG']//div[1]//div[1]//div[1]//div[2]//div[1]//div[1]//div[1]//div[1]//input[1]'.</msg>
<status status="PASS" starttime="20240418 13:43:32.532" endtime="20240418 13:43:33.114"/>
</kw>
<kw name="Sleep" library="BuiltIn">
<arg>3s</arg>
<doc>Pauses the test executed for the given time.</doc>
<msg timestamp="20240418 13:43:36.114" level="INFO">Slept 3 seconds</msg>
<status status="PASS" starttime="20240418 13:43:33.114" endtime="20240418 13:43:36.114"/>
</kw>
<kw name="Input Text" library="SeleniumLibrary">
<arg>//div[@role='list']//div[2]//div[1]//div[1]//div[2]//div[1]//div[1]//div[1]//div[1]//input[1]</arg>
<arg>${TotalCustomer}</arg>
<doc>Types the given ``text`` into the text field identified by ``locator``.</doc>
<msg timestamp="20240418 13:43:36.114" level="INFO">Typing text 'Menampilkan 0 ke 0 dari 0 entri' into text field '//div[@role='list']//div[2]//div[1]//div[1]//div[2]//div[1]//div[1]//div[1]//div[1]//input[1]'.</msg>
<status status="PASS" starttime="20240418 13:43:36.114" endtime="20240418 13:43:36.392"/>
</kw>
<kw name="Sleep" library="BuiltIn">
<arg>3s</arg>
<doc>Pauses the test executed for the given time.</doc>
<msg timestamp="20240418 13:43:39.392" level="INFO">Slept 3 seconds</msg>
<status status="PASS" starttime="20240418 13:43:36.392" endtime="20240418 13:43:39.393"/>
</kw>
<kw name="Input Text" library="SeleniumLibrary">
<arg>//div[@class='teQAzf']//div[3]//div[1]//div[1]//div[2]//div[1]//div[1]//div[1]//div[1]//input[1]</arg>
<arg>${SoldTo}</arg>
<doc>Types the given ``text`` into the text field identified by ``locator``.</doc>
<msg timestamp="20240418 13:43:39.394" level="INFO">Typing text 'Menampilkan 0 ke 0 dari 0 entri' into text field '//div[@class='teQAzf']//div[3]//div[1]//div[1]//div[2]//div[1]//div[1]//div[1]//div[1]//input[1]'.</msg>
<status status="PASS" starttime="20240418 13:43:39.394" endtime="20240418 13:43:39.698"/>
</kw>
<kw name="Sleep" library="BuiltIn">
<arg>3s</arg>
<doc>Pauses the test executed for the given time.</doc>
<msg timestamp="20240418 13:43:42.699" level="INFO">Slept 3 seconds</msg>
<status status="PASS" starttime="20240418 13:43:39.698" endtime="20240418 13:43:42.699"/>
</kw>
<kw name="Input Text" library="SeleniumLibrary">
<arg>//*[@id="mG61Hd"]/div[2]/div/div[2]/div[4]/div/div/div[2]/div/div[1]/div/div[1]/input</arg>
<arg>${TotalPengiriman}</arg>
<doc>Types the given ``text`` into the text field identified by ``locator``.</doc>
<msg timestamp="20240418 13:43:42.699" level="INFO">Typing text 'Menampilkan 0 ke 0 dari 0 entri' into text field '//*[@id="mG61Hd"]/div[2]/div/div[2]/div[4]/div/div/div[2]/div/div[1]/div/div[1]/input'.</msg>
<status status="PASS" starttime="20240418 13:43:42.699" endtime="20240418 13:43:42.973"/>
</kw>
<kw name="Sleep" library="BuiltIn">
<arg>3s</arg>
<doc>Pauses the test executed for the given time.</doc>
<msg timestamp="20240418 13:43:45.974" level="INFO">Slept 3 seconds</msg>
<status status="PASS" starttime="20240418 13:43:42.973" endtime="20240418 13:43:45.974"/>
</kw>
<kw name="Input Text" library="SeleniumLibrary">
<arg>//*[@id="mG61Hd"]/div[2]/div/div[2]/div[5]/div/div/div[2]/div/div[1]/div/div[1]/input</arg>
<arg>${area}</arg>
<doc>Types the given ``text`` into the text field identified by ``locator``.</doc>
<msg timestamp="20240418 13:43:45.979" level="INFO">Typing text 'Regional 1' into text field '//*[@id="mG61Hd"]/div[2]/div/div[2]/div[5]/div/div/div[2]/div/div[1]/div/div[1]/input'.</msg>
<status status="PASS" starttime="20240418 13:43:45.974" endtime="20240418 13:43:46.162"/>
</kw>
<kw name="Sleep" library="BuiltIn">
<arg>3s</arg>
<doc>Pauses the test executed for the given time.</doc>
<msg timestamp="20240418 13:43:49.163" level="INFO">Slept 3 seconds</msg>
<status status="PASS" starttime="20240418 13:43:46.162" endtime="20240418 13:43:49.163"/>
</kw>
<kw name="Click Element" library="SeleniumLibrary">
<arg>//div[@class='uArJ5e UQuaGc Y5sE8d VkkpIf QvWxOd']//span[@class='l4V7wb Fxmcue']</arg>
<doc>Click the element identified by ``locator``.</doc>
<msg timestamp="20240418 13:43:49.163" level="INFO">Clicking element '//div[@class='uArJ5e UQuaGc Y5sE8d VkkpIf QvWxOd']//span[@class='l4V7wb Fxmcue']'.</msg>
<status status="PASS" starttime="20240418 13:43:49.163" endtime="20240418 13:43:50.093"/>
</kw>
<status status="PASS" starttime="20240418 13:42:23.837" endtime="20240418 13:43:50.093"/>
</kw>
<kw name="Close All Browsers" library="SeleniumLibrary" type="TEARDOWN">
<doc>Closes all open browsers and resets the browser cache.</doc>
<status status="PASS" starttime="20240418 13:43:50.094" endtime="20240418 13:43:56.290"/>
</kw>
<status status="PASS" starttime="20240418 13:42:23.837" endtime="20240418 13:43:56.293"/>
</test>
<test id="s1-t5" name="Login Data User Dev" line="22">
<kw name="Login Akun">
<arg>bib@mail.com</arg>
<arg>Indonesia1</arg>
<arg>Regional 1</arg>
<kw name="Open Browser" library="SeleniumLibrary">
<arg>${URL}</arg>
<arg>${BROWSER}</arg>
<arg>options=add_argument("--headless")</arg>
<doc>Opens a new browser instance to the optional ``url``.</doc>
<msg timestamp="20240418 13:43:56.294" level="INFO">Opening browser 'Edge' to base url 'https://atbusiness.aksestoko.dev/login'.</msg>
<status status="PASS" starttime="20240418 13:43:56.294" endtime="20240418 13:43:59.721"/>
</kw>
<kw name="Maximize Browser Window" library="SeleniumLibrary">
<doc>Maximizes current browser window.</doc>
<status status="PASS" starttime="20240418 13:43:59.721" endtime="20240418 13:43:59.841"/>
</kw>
<kw name="Input Text" library="SeleniumLibrary">
<arg>${INPUTUSER}</arg>
<arg>${user}</arg>
<doc>Types the given ``text`` into the text field identified by ``locator``.</doc>
<msg timestamp="20240418 13:43:59.841" level="INFO">Typing text 'bib@mail.com' into text field '//input[@id='identity']'.</msg>
<status status="PASS" starttime="20240418 13:43:59.841" endtime="20240418 13:44:00.037"/>
</kw>
<kw name="Input Password" library="SeleniumLibrary">
<arg>${INPUTPASSWORD}</arg>
<arg>${pass}</arg>
<doc>Types the given password into the text field identified by ``locator``.</doc>
<msg timestamp="20240418 13:44:00.039" level="INFO">Typing password into text field '//input[@id='password']'.</msg>
<msg timestamp="20240418 13:44:00.096" level="INFO">Temporally setting log level to: NONE</msg>
<msg timestamp="20240418 13:44:00.228" level="INFO">Log level changed from NONE to INFO.</msg>
<status status="PASS" starttime="20240418 13:44:00.037" endtime="20240418 13:44:00.229"/>
</kw>
<kw name="Click Element" library="SeleniumLibrary">
<arg>${BUTTON}</arg>
<doc>Click the element identified by ``locator``.</doc>
<msg timestamp="20240418 13:44:00.231" level="INFO">Clicking element 'xpath://button[@id='plus_btn']'.</msg>
<status status="PASS" starttime="20240418 13:44:00.229" endtime="20240418 13:44:00.337"/>
</kw>
<kw name="Sleep" library="BuiltIn">
<arg>7s</arg>
<doc>Pauses the test executed for the given time.</doc>
<msg timestamp="20240418 13:44:07.337" level="INFO">Slept 7 seconds</msg>
<status status="PASS" starttime="20240418 13:44:00.337" endtime="20240418 13:44:07.337"/>
</kw>
<kw name="Run Keyword And Return Status" library="BuiltIn">
<var>${OptionLogin}</var>
<arg>Page Should Contain</arg>
<arg>Login Aplikasi</arg>
<doc>Runs the given keyword with given arguments and returns the status as a Boolean value.</doc>
<kw name="Page Should Contain" library="SeleniumLibrary">
<arg>Login Aplikasi</arg>
<doc>Verifies that current page contains ``text``.</doc>
<msg timestamp="20240418 13:44:07.781" level="INFO" html="true">&lt;/td&gt;&lt;/tr&gt;&lt;tr&gt;&lt;td colspan="3"&gt;&lt;a href="selenium-screenshot-18.png"&gt;&lt;img src="selenium-screenshot-18.png" width="800px"&gt;&lt;/a&gt;</msg>
<msg timestamp="20240418 13:44:07.781" level="FAIL">Page should have contained text 'Login Aplikasi' but did not.</msg>
<status status="FAIL" starttime="20240418 13:44:07.337" endtime="20240418 13:44:07.782"/>
</kw>
<msg timestamp="20240418 13:44:07.782" level="INFO">${OptionLogin} = False</msg>
<status status="PASS" starttime="20240418 13:44:07.337" endtime="20240418 13:44:07.782"/>
</kw>
<kw name="Run Keyword If" library="BuiltIn">
<arg>'${OptionLogin}' == 'True'</arg>
<arg>Click Element</arg>
<arg>//body/div[@id='loginDoubleModal']/div[1]/div[1]/div[2]/div[1]/div[1]/div[1]/img[1]</arg>
<doc>Runs the given keyword with the given arguments, if ``condition`` is true.</doc>
<status status="PASS" starttime="20240418 13:44:07.782" endtime="20240418 13:44:07.782"/>
</kw>
<kw name="Sleep" library="BuiltIn">
<arg>5s</arg>
<doc>Pauses the test executed for the given time.</doc>
<msg timestamp="20240418 13:44:12.784" level="INFO">Slept 5 seconds</msg>
<status status="PASS" starttime="20240418 13:44:07.782" endtime="20240418 13:44:12.784"/>
</kw>
<kw name="Page Should Contain Element" library="SeleniumLibrary">
<arg>//span[@id='my_ip_address']</arg>
<doc>Verifies that element ``locator`` is found on the current page.</doc>
<msg timestamp="20240418 13:44:12.829" level="INFO">Current page contains element '//span[@id='my_ip_address']'.</msg>
<status status="PASS" starttime="20240418 13:44:12.784" endtime="20240418 13:44:12.829"/>
</kw>
<kw name="Sleep" library="BuiltIn">
<arg>5s</arg>
<doc>Pauses the test executed for the given time.</doc>
<msg timestamp="20240418 13:44:17.830" level="INFO">Slept 5 seconds</msg>
<status status="PASS" starttime="20240418 13:44:12.829" endtime="20240418 13:44:17.830"/>
</kw>
<kw name="Click Element" library="SeleniumLibrary">
<arg>//a[@class='btn account dropdown-toggle']</arg>
<doc>Click the element identified by ``locator``.</doc>
<msg timestamp="20240418 13:44:17.830" level="INFO">Clicking element '//a[@class='btn account dropdown-toggle']'.</msg>
<status status="PASS" starttime="20240418 13:44:17.830" endtime="20240418 13:44:17.952"/>
</kw>
<kw name="Sleep" library="BuiltIn">
<arg>3s</arg>
<doc>Pauses the test executed for the given time.</doc>
<msg timestamp="20240418 13:44:20.953" level="INFO">Slept 3 seconds</msg>
[...]
<doc>Types the given password into the text field identified by ``locator``.</doc>
<msg timestamp="20240418 13:55:30.188" level="INFO">Typing password into text field '//input[@id='password']'.</msg>
<msg timestamp="20240418 13:55:30.237" level="INFO">Temporally setting log level to: NONE</msg>
<msg timestamp="20240418 13:55:30.367" level="INFO">Log level changed from NONE to INFO.</msg>
<status status="PASS" starttime="20240418 13:55:30.186" endtime="20240418 13:55:30.367"/>
</kw>
<kw name="Click Element" library="SeleniumLibrary">
<arg>${BUTTON}</arg>
<doc>Click the element identified by ``locator``.</doc>
<msg timestamp="20240418 13:55:30.368" level="INFO">Clicking element 'xpath://button[@id='plus_btn']'.</msg>
<status status="PASS" starttime="20240418 13:55:30.367" endtime="20240418 13:55:30.470"/>
</kw>
<kw name="Sleep" library="BuiltIn">
<arg>7s</arg>
<doc>Pauses the test executed for the given time.</doc>
<msg timestamp="20240418 13:55:37.472" level="INFO">Slept 7 seconds</msg>
<status status="PASS" starttime="20240418 13:55:30.471" endtime="20240418 13:55:37.472"/>
</kw>
<kw name="Run Keyword And Return Status" library="BuiltIn">
<var>${OptionLogin}</var>
<arg>Page Should Contain</arg>
<arg>Login Aplikasi</arg>
<doc>Runs the given keyword with given arguments and returns the status as a Boolean value.</doc>
<kw name="Page Should Contain" library="SeleniumLibrary">
<arg>Login Aplikasi</arg>
<doc>Verifies that current page contains ``text``.</doc>
<msg timestamp="20240418 13:55:37.637" level="INFO" html="true">&lt;/td&gt;&lt;/tr&gt;&lt;tr&gt;&lt;td colspan="3"&gt;&lt;a href="selenium-screenshot-26.png"&gt;&lt;img src="selenium-screenshot-26.png" width="800px"&gt;&lt;/a&gt;</msg>
<msg timestamp="20240418 13:55:37.637" level="FAIL">Page should have contained text 'Login Aplikasi' but did not.</msg>
<status status="FAIL" starttime="20240418 13:55:37.472" endtime="20240418 13:55:37.637"/>
</kw>
<msg timestamp="20240418 13:55:37.637" level="INFO">${OptionLogin} = False</msg>
<status status="PASS" starttime="20240418 13:55:37.472" endtime="20240418 13:55:37.637"/>
</kw>
<kw name="Run Keyword If" library="BuiltIn">
<arg>'${OptionLogin}' == 'True'</arg>
<arg>Click Element</arg>
<arg>//body/div[@id='loginDoubleModal']/div[1]/div[1]/div[2]/div[1]/div[1]/div[1]/img[1]</arg>
<doc>Runs the given keyword with the given arguments, if ``condition`` is true.</doc>
<status status="PASS" starttime="20240418 13:55:37.637" endtime="20240418 13:55:37.637"/>
</kw>
<kw name="Sleep" library="BuiltIn">
<arg>5s</arg>
<doc>Pauses the test executed for the given time.</doc>
<msg timestamp="20240418 13:55:42.637" level="INFO">Slept 5 seconds</msg>
<status status="PASS" starttime="20240418 13:55:37.637" endtime="20240418 13:55:42.637"/>
</kw>
<kw name="Page Should Contain Element" library="SeleniumLibrary">
<arg>//span[@id='my_ip_address']</arg>
<doc>Verifies that element ``locator`` is found on the current page.</doc>
<msg timestamp="20240418 13:55:42.672" level="INFO">Current page contains element '//span[@id='my_ip_address']'.</msg>
<status status="PASS" starttime="20240418 13:55:42.637" endtime="20240418 13:55:42.672"/>
</kw>
<kw name="Sleep" library="BuiltIn">
<arg>5s</arg>
<doc>Pauses the test executed for the given time.</doc>
<msg timestamp="20240418 13:55:47.673" level="INFO">Slept 5 seconds</msg>
<status status="PASS" starttime="20240418 13:55:42.672" endtime="20240418 13:55:47.673"/>
</kw>
<kw name="Click Element" library="SeleniumLibrary">
<arg>//a[@class='btn account dropdown-toggle']</arg>
<doc>Click the element identified by ``locator``.</doc>
<msg timestamp="20240418 13:55:47.673" level="INFO">Clicking element '//a[@class='btn account dropdown-toggle']'.</msg>
<status status="PASS" starttime="20240418 13:55:47.673" endtime="20240418 13:55:47.796"/>
</kw>
<kw name="Sleep" library="BuiltIn">
<arg>3s</arg>
<doc>Pauses the test executed for the given time.</doc>
<msg timestamp="20240418 13:55:50.799" level="INFO">Slept 3 seconds</msg>
<status status="PASS" starttime="20240418 13:55:47.797" endtime="20240418 13:55:50.799"/>
</kw>
<kw name="Click Element" library="SeleniumLibrary">
<arg>//ul[@class='dropdown-menu pull-right']//a[contains(text(),'Preferensi Pengguna')]</arg>
<doc>Click the element identified by ``locator``.</doc>
<msg timestamp="20240418 13:55:50.799" level="INFO">Clicking element '//ul[@class='dropdown-menu pull-right']//a[contains(text(),'Preferensi Pengguna')]'.</msg>
<status status="PASS" starttime="20240418 13:55:50.799" endtime="20240418 13:55:51.848"/>
</kw>
<kw name="Sleep" library="BuiltIn">
<arg>3s</arg>
<doc>Pauses the test executed for the given time.</doc>
<msg timestamp="20240418 13:55:54.849" level="INFO">Slept 3 seconds</msg>
<status status="PASS" starttime="20240418 13:55:51.848" endtime="20240418 13:55:54.849"/>
</kw>
<kw name="Get Text" library="SeleniumLibrary">
<var>${NamaDIstributor}</var>
<arg>//div[@class='col-sm-12 text-center']</arg>
<doc>Returns the text value of the element identified by ``locator``.</doc>
<msg timestamp="20240418 13:55:54.923" level="INFO">${NamaDIstributor} = Email Login
msp@mail.com
MULIA SAKTI PERKASA, PT</msg>
<status status="PASS" starttime="20240418 13:55:54.850" endtime="20240418 13:55:54.923"/>
</kw>
<kw name="Sleep" library="BuiltIn">
<arg>5s</arg>
<doc>Pauses the test executed for the given time.</doc>
<msg timestamp="20240418 13:55:59.923" level="INFO">Slept 5 seconds</msg>
<status status="PASS" starttime="20240418 13:55:54.923" endtime="20240418 13:55:59.923"/>
</kw>
<kw name="Go To" library="SeleniumLibrary">
<arg>https://atbusiness-corsales.aksestoko.dev/at_business/delivery/list_deliveries</arg>
<doc>Navigates the current browser window to the provided ``url``.</doc>
<msg timestamp="20240418 13:55:59.923" level="INFO">Opening url 'https://atbusiness-corsales.aksestoko.dev/at_business/delivery/list_deliveries'</msg>
<status status="PASS" starttime="20240418 13:55:59.923" endtime="20240418 13:56:01.226"/>
</kw>
<kw name="Sleep" library="BuiltIn">
<arg>3s</arg>
<doc>Pauses the test executed for the given time.</doc>
<msg timestamp="20240418 13:56:04.226" level="INFO">Slept 3 seconds</msg>
<status status="PASS" starttime="20240418 13:56:01.226" endtime="20240418 13:56:04.226"/>
</kw>
<kw name="Scroll Element Into View" library="SeleniumLibrary">
<arg>//div[@id='CusData_info']</arg>
<doc>Scrolls the element identified by ``locator`` into view.</doc>
<status status="PASS" starttime="20240418 13:56:04.226" endtime="20240418 13:56:04.546"/>
</kw>
<kw name="Sleep" library="BuiltIn">
<arg>3s</arg>
<doc>Pauses the test executed for the given time.</doc>
<msg timestamp="20240418 13:56:07.547" level="INFO">Slept 3 seconds</msg>
<status status="PASS" starttime="20240418 13:56:04.546" endtime="20240418 13:56:07.547"/>
</kw>
<kw name="Get Text" library="SeleniumLibrary">
<var>${TotalPengiriman}</var>
<arg>//div[@id='CusData_info']</arg>
<doc>Returns the text value of the element identified by ``locator``.</doc>
<msg timestamp="20240418 13:56:07.614" level="INFO">${TotalPengiriman} = Menampilkan 0 ke 0 dari 0 entri</msg>
<status status="PASS" starttime="20240418 13:56:07.547" endtime="20240418 13:56:07.614"/>
</kw>
<kw name="Sleep" library="BuiltIn">
<arg>3s</arg>
<doc>Pauses the test executed for the given time.</doc>
<msg timestamp="20240418 13:56:10.614" level="INFO">Slept 3 seconds</msg>
<status status="PASS" starttime="20240418 13:56:07.614" endtime="20240418 13:56:10.614"/>
</kw>
<kw name="Go To" library="SeleniumLibrary">
<arg>https://atbusiness-corsales.aksestoko.dev/at_business/customer/list?v=1.0.20231001</arg>
<doc>Navigates the current browser window to the provided ``url``.</doc>
<msg timestamp="20240418 13:56:10.614" level="INFO">Opening url 'https://atbusiness-corsales.aksestoko.dev/at_business/customer/list?v=1.0.20231001'</msg>
<status status="PASS" starttime="20240418 13:56:10.614" endtime="20240418 13:56:11.179"/>
</kw>
<kw name="Sleep" library="BuiltIn">
<arg>3s</arg>
<doc>Pauses the test executed for the given time.</doc>
<msg timestamp="20240418 13:56:14.180" level="INFO">Slept 3 seconds</msg>
<status status="PASS" starttime="20240418 13:56:11.180" endtime="20240418 13:56:14.180"/>
</kw>
<kw name="Sleep" library="BuiltIn">
<arg>3s</arg>
<doc>Pauses the test executed for the given time.</doc>
<msg timestamp="20240418 13:56:17.181" level="INFO">Slept 3 seconds</msg>
<status status="PASS" starttime="20240418 13:56:14.180" endtime="20240418 13:56:17.181"/>
</kw>
<kw name="Scroll Element Into View" library="SeleniumLibrary">
<arg>//div[@id='CusData_info']</arg>
<doc>Scrolls the element identified by ``locator`` into view.</doc>
<status status="PASS" starttime="20240418 13:56:17.181" endtime="20240418 13:56:17.471"/>
</kw>
<kw name="Sleep" library="BuiltIn">
<arg>3s</arg>
<doc>Pauses the test executed for the given time.</doc>
<msg timestamp="20240418 13:56:20.472" level="INFO">Slept 3 seconds</msg>
<status status="PASS" starttime="20240418 13:56:17.472" endtime="20240418 13:56:20.473"/>
</kw>
<kw name="Get Text" library="SeleniumLibrary">
<var>${TotalCustomer}</var>
<arg>//div[@id='CusData_info']</arg>
<doc>Returns the text value of the element identified by ``locator``.</doc>
<msg timestamp="20240418 13:56:20.516" level="INFO">${TotalCustomer} = Menampilkan 0 ke 0 dari 0 entri</msg>
<status status="PASS" starttime="20240418 13:56:20.473" endtime="20240418 13:56:20.516"/>
</kw>
<kw name="Sleep" library="BuiltIn">
<arg>3s</arg>
<doc>Pauses the test executed for the given time.</doc>
<msg timestamp="20240418 13:56:23.517" level="INFO">Slept 3 seconds</msg>
<status status="PASS" starttime="20240418 13:56:20.516" endtime="20240418 13:56:23.517"/>
</kw>
<kw name="Go To" library="SeleniumLibrary">
<arg>https://atbusiness-corsales.aksestoko.dev/at_business/utilitize/list_soldto?v=1.0.20231001</arg>
<doc>Navigates the current browser window to the provided ``url``.</doc>
<msg timestamp="20240418 13:56:23.517" level="INFO">Opening url 'https://atbusiness-corsales.aksestoko.dev/at_business/utilitize/list_soldto?v=1.0.20231001'</msg>
<status status="PASS" starttime="20240418 13:56:23.517" endtime="20240418 13:56:23.865"/>
</kw>
<kw name="Sleep" library="BuiltIn">
<arg>3s</arg>
<doc>Pauses the test executed for the given time.</doc>
<msg timestamp="20240418 13:56:26.866" level="INFO">Slept 3 seconds</msg>
<status status="PASS" starttime="20240418 13:56:23.866" endtime="20240418 13:56:26.866"/>
</kw>
<kw name="Sleep" library="BuiltIn">
<arg>3s</arg>
<doc>Pauses the test executed for the given time.</doc>
<msg timestamp="20240418 13:56:29.867" level="INFO">Slept 3 seconds</msg>
<status status="PASS" starttime="20240418 13:56:26.866" endtime="20240418 13:56:29.867"/>
</kw>
<kw name="Get Text" library="SeleniumLibrary">
<var>${SoldTo}</var>
<arg>//div[@id='GData_info']</arg>
<doc>Returns the text value of the element identified by ``locator``.</doc>
<msg timestamp="20240418 13:56:29.915" level="INFO">${SoldTo} = Menampilkan 0 ke 0 dari 0 entri</msg>
<status status="PASS" starttime="20240418 13:56:29.867" endtime="20240418 13:56:29.915"/>
</kw>
<kw name="Go To" library="SeleniumLibrary">
<arg>https://docs.google.com/forms/d/e/1FAIpQLSdLAvdi9m1saX1SFBk24TVr_d3SJbUcKF5mI0lM9YbLPD08XA/viewform</arg>
<doc>Navigates the current browser window to the provided ``url``.</doc>
<msg timestamp="20240418 13:56:29.915" level="INFO">Opening url 'https://docs.google.com/forms/d/e/1FAIpQLSdLAvdi9m1saX1SFBk24TVr_d3SJbUcKF5mI0lM9YbLPD08XA/viewform'</msg>
<status status="PASS" starttime="20240418 13:56:29.915" endtime="20240418 13:56:31.690"/>
</kw>
<kw name="Sleep" library="BuiltIn">
<arg>3s</arg>
<doc>Pauses the test executed for the given time.</doc>
<msg timestamp="20240418 13:56:34.691" level="INFO">Slept 3 seconds</msg>
<status status="PASS" starttime="20240418 13:56:31.690" endtime="20240418 13:56:34.691"/>
</kw>
<kw name="Input Text" library="SeleniumLibrary">
<arg>//div[@class='lrKTG']//div[1]//div[1]//div[1]//div[2]//div[1]//div[1]//div[1]//div[1]//input[1]</arg>
<arg>${NamaDIstributor}</arg>
<doc>Types the given ``text`` into the text field identified by ``locator``.</doc>
<msg timestamp="20240418 13:56:34.692" level="INFO">Typing text 'Email Login
msp@mail.com
MULIA SAKTI PERKASA, PT' into text field '//div[@class='lrKTG']//div[1]//div[1]//div[1]//div[2]//div[1]//div[1]//div[1]//div[1]//input[1]'.</msg>
<status status="PASS" starttime="20240418 13:56:34.691" endtime="20240418 13:56:35.485"/>
</kw>
<kw name="Sleep" library="BuiltIn">
<arg>3s</arg>
<doc>Pauses the test executed for the given time.</doc>
<msg timestamp="20240418 13:56:38.487" level="INFO">Slept 3 seconds</msg>
<status status="PASS" starttime="20240418 13:56:35.485" endtime="20240418 13:56:38.487"/>
</kw>
<kw name="Input Text" library="SeleniumLibrary">
<arg>//div[@role='list']//div[2]//div[1]//div[1]//div[2]//div[1]//div[1]//div[1]//div[1]//input[1]</arg>
<arg>${TotalCustomer}</arg>
<doc>Types the given ``text`` into the text field identified by ``locator``.</doc>
<msg timestamp="20240418 13:56:38.489" level="INFO">Typing text 'Menampilkan 0 ke 0 dari 0 entri' into text field '//div[@role='list']//div[2]//div[1]//div[1]//div[2]//div[1]//div[1]//div[1]//div[1]//input[1]'.</msg>
<status status="PASS" starttime="20240418 13:56:38.487" endtime="20240418 13:56:38.804"/>
</kw>
<kw name="Sleep" library="BuiltIn">
<arg>3s</arg>
<doc>Pauses the test executed for the given time.</doc>
<msg timestamp="20240418 13:56:41.805" level="INFO">Slept 3 seconds</msg>
<status status="PASS" starttime="20240418 13:56:38.805" endtime="20240418 13:56:41.805"/>
</kw>
<kw name="Input Text" library="SeleniumLibrary">
<arg>//div[@class='teQAzf']//div[3]//div[1]//div[1]//div[2]//div[1]//div[1]//div[1]//div[1]//input[1]</arg>
<arg>${SoldTo}</arg>
<doc>Types the given ``text`` into the text field identified by ``locator``.</doc>
<msg timestamp="20240418 13:56:41.807" level="INFO">Typing text 'Menampilkan 0 ke 0 dari 0 entri' into text field '//div[@class='teQAzf']//div[3]//div[1]//div[1]//div[2]//div[1]//div[1]//div[1]//div[1]//input[1]'.</msg>
<status status="PASS" starttime="20240418 13:56:41.805" endtime="20240418 13:56:42.111"/>
</kw>
<kw name="Sleep" library="BuiltIn">
<arg>3s</arg>
<doc>Pauses the test executed for the given time.</doc>
<msg timestamp="20240418 13:56:45.112" level="INFO">Slept 3 seconds</msg>
<status status="PASS" starttime="20240418 13:56:42.111" endtime="20240418 13:56:45.112"/>
</kw>
<kw name="Input Text" library="SeleniumLibrary">
<arg>//*[@id="mG61Hd"]/div[2]/div/div[2]/div[4]/div/div/div[2]/div/div[1]/div/div[1]/input</arg>
<arg>${TotalPengiriman}</arg>
<doc>Types the given ``text`` into the text field identified by ``locator``.</doc>
<msg timestamp="20240418 13:56:45.113" level="INFO">Typing text 'Menampilkan 0 ke 0 dari 0 entri' into text field '//*[@id="mG61Hd"]/div[2]/div/div[2]/div[4]/div/div/div[2]/div/div[1]/div/div[1]/input'.</msg>
<status status="PASS" starttime="20240418 13:56:45.112" endtime="20240418 13:56:45.374"/>
</kw>
<kw name="Sleep" library="BuiltIn">
<arg>3s</arg>
<doc>Pauses the test executed for the given time.</doc>
<msg timestamp="20240418 13:56:48.374" level="INFO">Slept 3 seconds</msg>
<status status="PASS" starttime="20240418 13:56:45.374" endtime="20240418 13:56:48.374"/>
</kw>
<kw name="Input Text" library="SeleniumLibrary">
<arg>//*[@id="mG61Hd"]/div[2]/div/div[2]/div[5]/div/div/div[2]/div/div[1]/div/div[1]/input</arg>
<arg>${area}</arg>
<doc>Types the given ``text`` into the text field identified by ``locator``.</doc>
<msg timestamp="20240418 13:56:48.374" level="INFO">Typing text 'Regional 1' into text field '//*[@id="mG61Hd"]/div[2]/div/div[2]/div[5]/div/div/div[2]/div/div[1]/div/div[1]/input'.</msg>
<status status="PASS" starttime="20240418 13:56:48.374" endtime="20240418 13:56:48.588"/>
</kw>
<kw name="Sleep" library="BuiltIn">
<arg>3s</arg>
<doc>Pauses the test executed for the given time.</doc>
<msg timestamp="20240418 13:56:51.590" level="INFO">Slept 3 seconds</msg>
<status status="PASS" starttime="20240418 13:56:48.588" endtime="20240418 13:56:51.590"/>
</kw>
<kw name="Click Element" library="SeleniumLibrary">
<arg>//div[@class='uArJ5e UQuaGc Y5sE8d VkkpIf QvWxOd']//span[@class='l4V7wb Fxmcue']</arg>
<doc>Click the element identified by ``locator``.</doc>
<msg timestamp="20240418 13:56:51.592" level="INFO">Clicking element '//div[@class='uArJ5e UQuaGc Y5sE8d VkkpIf QvWxOd']//span[@class='l4V7wb Fxmcue']'.</msg>
<status status="PASS" starttime="20240418 13:56:51.591" endtime="20240418 13:56:52.438"/>
</kw>
<status status="PASS" starttime="20240418 13:55:18.905" endtime="20240418 13:56:52.438"/>
</kw>
<kw name="Close All Browsers" library="SeleniumLibrary" type="TEARDOWN">
<doc>Closes all open browsers and resets the browser cache.</doc>
<status status="PASS" starttime="20240418 13:56:52.439" endtime="20240418 13:56:58.657"/>
</kw>
<status status="PASS" starttime="20240418 13:55:18.905" endtime="20240418 13:56:58.657"/>
</test>
<doc>Test Akun Dev ATBusiness Reg 1,2 dan 6</doc>
<status status="FAIL" starttime="20240418 13:37:29.506" endtime="20240418 13:56:58.657"/>
</suite>
<statistics>
<total>
<stat pass="12" fail="1" skip="0">All Tests</stat>
</total>
<tag>
</tag>
<suite>
<stat pass="12" fail="1" skip="0" id="s1" name="ATBServerDev">ATBServerDev</stat>
</suite>
</statistics>
<errors>
<msg timestamp="20240418 13:37:29.484" level="ERROR">Error in file 'D:\LATIHAN\ATB\Test Scenario\ATBServerDev.robot' on line 7: Setting 'Documentation' is allowed only once. Only the first value is used.</msg>
<msg timestamp="20240418 13:37:29.485" level="ERROR">Error in file 'D:\LATIHAN\ATB\Test Scenario\ATBServerDev.robot' on line 10: Setting 'Test Template' is allowed only once. Only the first value is used.</msg>
<msg timestamp="20240418 13:37:29.486" level="ERROR">Error in file 'D:\LATIHAN\ATB\Test Scenario\ATBServerDev.robot' on line 11: Setting 'Test Teardown' is allowed only once. Only the first value is used.</msg>
<msg timestamp="20240418 13:39:12.908" level="WARN">Multiple tests with name 'Login Data User Dev' executed in suite 'ATBServerDev'.</msg>
<msg timestamp="20240418 13:40:49.104" level="WARN">Multiple tests with name 'Login Data User Dev' executed in suite 'ATBServerDev'.</msg>
<msg timestamp="20240418 13:42:23.837" level="WARN">Multiple tests with name 'Login Data User Dev' executed in suite 'ATBServerDev'.</msg>
<msg timestamp="20240418 13:43:56.294" level="WARN">Multiple tests with name 'Login Data User Dev' executed in suite 'ATBServerDev'.</msg>
<msg timestamp="20240418 13:45:27.813" level="WARN">Multiple tests with name 'Login Data User Dev' executed in suite 'ATBServerDev'.</msg>
<msg timestamp="20240418 13:46:59.725" level="WARN">Multiple tests with name 'Login Data User Dev' executed in suite 'ATBServerDev'.</msg>
<msg timestamp="20240418 13:48:35.576" level="WARN">Multiple tests with name 'Login Data User Dev' executed in suite 'ATBServerDev'.</msg>
<msg timestamp="20240418 13:48:51.390" level="WARN">Multiple tests with name 'Login Data User Dev' executed in suite 'ATBServerDev'.</msg>
<msg timestamp="20240418 13:50:28.278" level="WARN">Multiple tests with name 'Login Data User Dev' executed in suite 'ATBServerDev'.</msg>
<msg timestamp="20240418 13:52:06.489" level="WARN">Multiple tests with name 'Login Data User Dev' executed in suite 'ATBServerDev'.</msg>
<msg timestamp="20240418 13:53:42.163" level="WARN">Multiple tests with name 'Login Data User Dev' executed in suite 'ATBServerDev'.</msg>
<msg timestamp="20240418 13:55:18.905" level="WARN">Multiple tests with name 'Login Data User Dev' executed in suite 'ATBServerDev'.</msg>
</errors>
</robot>
